{"C:\\Users\\Роман\\RS School\\class-components\\class-components\\vite-project\\src\\App.tsx": {"path":"C:\\Users\\Роман\\RS School\\class-components\\class-components\\vite-project\\src\\App.tsx","all":true,"statementMap":{"0":{"start":{"line":1,"column":0},"end":{"line":1,"column":34}},"1":{"start":{"line":2,"column":0},"end":{"line":2,"column":19}},"2":{"start":{"line":3,"column":0},"end":{"line":3,"column":69}},"3":{"start":{"line":4,"column":0},"end":{"line":4,"column":37}},"4":{"start":{"line":5,"column":0},"end":{"line":5,"column":42}},"6":{"start":{"line":7,"column":0},"end":{"line":7,"column":29}},"7":{"start":{"line":8,"column":0},"end":{"line":8,"column":37}},"9":{"start":{"line":10,"column":0},"end":{"line":10,"column":19}},"10":{"start":{"line":11,"column":0},"end":{"line":11,"column":73}},"11":{"start":{"line":12,"column":0},"end":{"line":12,"column":20}},"13":{"start":{"line":14,"column":0},"end":{"line":14,"column":10}},"14":{"start":{"line":15,"column":0},"end":{"line":15,"column":19}},"15":{"start":{"line":16,"column":0},"end":{"line":16,"column":71}},"16":{"start":{"line":17,"column":0},"end":{"line":17,"column":18}},"17":{"start":{"line":18,"column":0},"end":{"line":18,"column":12}},"18":{"start":{"line":19,"column":0},"end":{"line":19,"column":20}},"20":{"start":{"line":21,"column":0},"end":{"line":21,"column":2}},"22":{"start":{"line":23,"column":0},"end":{"line":23,"column":19}}},"s":{"0":0,"1":0,"2":0,"3":0,"4":0,"6":0,"7":0,"9":0,"10":0,"11":0,"13":0,"14":0,"15":0,"16":0,"17":0,"18":0,"20":0,"22":0},"branchMap":{"0":{"type":"branch","line":1,"loc":{"start":{"line":1,"column":576},"end":{"line":23,"column":19}},"locations":[{"start":{"line":1,"column":576},"end":{"line":23,"column":19}}]}},"b":{"0":[0]},"fnMap":{"0":{"name":"(empty-report)","decl":{"start":{"line":1,"column":576},"end":{"line":23,"column":19}},"loc":{"start":{"line":1,"column":576},"end":{"line":23,"column":19}},"line":1}},"f":{"0":0}}
,"C:\\Users\\Роман\\RS School\\class-components\\class-components\\vite-project\\src\\main.tsx": {"path":"C:\\Users\\Роман\\RS School\\class-components\\class-components\\vite-project\\src\\main.tsx","all":true,"statementMap":{"0":{"start":{"line":1,"column":0},"end":{"line":1,"column":26}},"1":{"start":{"line":2,"column":0},"end":{"line":2,"column":40}},"2":{"start":{"line":3,"column":0},"end":{"line":3,"column":49}},"3":{"start":{"line":4,"column":0},"end":{"line":4,"column":39}},"4":{"start":{"line":5,"column":0},"end":{"line":5,"column":31}},"5":{"start":{"line":6,"column":0},"end":{"line":6,"column":28}},"6":{"start":{"line":7,"column":0},"end":{"line":7,"column":21}},"7":{"start":{"line":8,"column":0},"end":{"line":8,"column":51}},"9":{"start":{"line":10,"column":0},"end":{"line":10,"column":61}},"10":{"start":{"line":11,"column":0},"end":{"line":11,"column":26}},"11":{"start":{"line":12,"column":0},"end":{"line":12,"column":22}},"12":{"start":{"line":13,"column":0},"end":{"line":13,"column":21}},"13":{"start":{"line":14,"column":0},"end":{"line":14,"column":23}},"14":{"start":{"line":15,"column":0},"end":{"line":15,"column":17}},"15":{"start":{"line":16,"column":0},"end":{"line":16,"column":24}},"16":{"start":{"line":17,"column":0},"end":{"line":17,"column":22}},"17":{"start":{"line":18,"column":0},"end":{"line":18,"column":23}},"18":{"start":{"line":19,"column":0},"end":{"line":19,"column":14}},"19":{"start":{"line":20,"column":0},"end":{"line":20,"column":2}}},"s":{"0":0,"1":0,"2":0,"3":0,"4":0,"5":0,"6":0,"7":0,"9":0,"10":0,"11":0,"12":0,"13":0,"14":0,"15":0,"16":0,"17":0,"18":0,"19":0},"branchMap":{"0":{"type":"branch","line":1,"loc":{"start":{"line":1,"column":559},"end":{"line":20,"column":2}},"locations":[{"start":{"line":1,"column":559},"end":{"line":20,"column":2}}]}},"b":{"0":[0]},"fnMap":{"0":{"name":"(empty-report)","decl":{"start":{"line":1,"column":559},"end":{"line":20,"column":2}},"loc":{"start":{"line":1,"column":559},"end":{"line":20,"column":2}},"line":1}},"f":{"0":0}}
,"C:\\Users\\Роман\\RS School\\class-components\\class-components\\vite-project\\src\\store.ts": {"path":"C:\\Users\\Роман\\RS School\\class-components\\class-components\\vite-project\\src\\store.ts","all":false,"statementMap":{"0":{"start":{"line":1,"column":0},"end":{"line":1,"column":50}},"1":{"start":{"line":2,"column":0},"end":{"line":2,"column":53}},"2":{"start":{"line":3,"column":0},"end":{"line":3,"column":69}},"6":{"start":{"line":7,"column":0},"end":{"line":7,"column":40}},"8":{"start":{"line":9,"column":0},"end":{"line":9,"column":30}},"9":{"start":{"line":10,"column":0},"end":{"line":10,"column":12}},"10":{"start":{"line":11,"column":0},"end":{"line":11,"column":51}},"11":{"start":{"line":12,"column":0},"end":{"line":12,"column":36}},"12":{"start":{"line":13,"column":0},"end":{"line":13,"column":52}},"13":{"start":{"line":14,"column":0},"end":{"line":14,"column":4}},"14":{"start":{"line":15,"column":0},"end":{"line":15,"column":39}},"15":{"start":{"line":16,"column":0},"end":{"line":16,"column":58}},"16":{"start":{"line":17,"column":0},"end":{"line":17,"column":3}},"24":{"start":{"line":25,"column":0},"end":{"line":25,"column":21}}},"s":{"0":1,"1":1,"2":1,"6":1,"8":1,"9":1,"10":1,"11":1,"12":1,"13":1,"14":1,"15":3,"16":1,"24":1},"branchMap":{"0":{"type":"branch","line":15,"loc":{"start":{"line":15,"column":14},"end":{"line":16,"column":58}},"locations":[{"start":{"line":15,"column":14},"end":{"line":16,"column":58}}]}},"b":{"0":[3]},"fnMap":{"0":{"name":"middleware","decl":{"start":{"line":15,"column":14},"end":{"line":16,"column":58}},"loc":{"start":{"line":15,"column":14},"end":{"line":16,"column":58}},"line":15}},"f":{"0":3}}
,"C:\\Users\\Роман\\RS School\\class-components\\class-components\\vite-project\\src\\themeContext.tsx": {"path":"C:\\Users\\Роман\\RS School\\class-components\\class-components\\vite-project\\src\\themeContext.tsx","all":false,"statementMap":{"0":{"start":{"line":1,"column":0},"end":{"line":1,"column":78}},"7":{"start":{"line":8,"column":0},"end":{"line":8,"column":76}},"9":{"start":{"line":10,"column":0},"end":{"line":10,"column":66}},"10":{"start":{"line":11,"column":0},"end":{"line":11,"column":11}},"11":{"start":{"line":12,"column":0},"end":{"line":12,"column":7}},"12":{"start":{"line":13,"column":0},"end":{"line":13,"column":56}},"14":{"start":{"line":15,"column":0},"end":{"line":15,"column":29}},"15":{"start":{"line":16,"column":0},"end":{"line":16,"column":36}},"16":{"start":{"line":17,"column":0},"end":{"line":17,"column":4}},"18":{"start":{"line":19,"column":0},"end":{"line":19,"column":10}},"19":{"start":{"line":20,"column":0},"end":{"line":20,"column":64}},"20":{"start":{"line":21,"column":0},"end":{"line":21,"column":16}},"21":{"start":{"line":22,"column":0},"end":{"line":22,"column":28}},"23":{"start":{"line":24,"column":0},"end":{"line":24,"column":2}},"25":{"start":{"line":26,"column":0},"end":{"line":26,"column":49}},"26":{"start":{"line":27,"column":0},"end":{"line":27,"column":43}},"27":{"start":{"line":28,"column":0},"end":{"line":28,"column":17}},"28":{"start":{"line":29,"column":0},"end":{"line":29,"column":63}},"29":{"start":{"line":30,"column":0},"end":{"line":30,"column":3}},"30":{"start":{"line":31,"column":0},"end":{"line":31,"column":17}},"31":{"start":{"line":32,"column":0},"end":{"line":32,"column":2}}},"s":{"0":1,"7":1,"9":1,"10":1,"11":1,"12":1,"14":1,"15":0,"16":0,"18":1,"19":1,"20":1,"21":1,"23":1,"25":1,"26":2,"27":2,"28":0,"29":0,"30":2,"31":2},"branchMap":{"0":{"type":"branch","line":10,"loc":{"start":{"line":10,"column":64},"end":{"line":24,"column":2}},"locations":[{"start":{"line":10,"column":64},"end":{"line":24,"column":2}}]},"1":{"type":"branch","line":26,"loc":{"start":{"line":26,"column":24},"end":{"line":32,"column":2}},"locations":[{"start":{"line":26,"column":24},"end":{"line":32,"column":2}}]},"2":{"type":"branch","line":28,"loc":{"start":{"line":28,"column":16},"end":{"line":30,"column":3}},"locations":[{"start":{"line":28,"column":16},"end":{"line":30,"column":3}}]}},"b":{"0":[1],"1":[2],"2":[0]},"fnMap":{"0":{"name":"ThemeProvider","decl":{"start":{"line":10,"column":64},"end":{"line":24,"column":2}},"loc":{"start":{"line":10,"column":64},"end":{"line":24,"column":2}},"line":10},"1":{"name":"toggleTheme","decl":{"start":{"line":15,"column":22},"end":{"line":17,"column":4}},"loc":{"start":{"line":15,"column":22},"end":{"line":17,"column":4}},"line":15},"2":{"name":"useTheme","decl":{"start":{"line":26,"column":24},"end":{"line":32,"column":2}},"loc":{"start":{"line":26,"column":24},"end":{"line":32,"column":2}},"line":26}},"f":{"0":1,"1":0,"2":2}}
,"C:\\Users\\Роман\\RS School\\class-components\\class-components\\vite-project\\src\\api\\productsApi.ts": {"path":"C:\\Users\\Роман\\RS School\\class-components\\class-components\\vite-project\\src\\api\\productsApi.ts","all":false,"statementMap":{"0":{"start":{"line":1,"column":0},"end":{"line":1,"column":73}},"4":{"start":{"line":5,"column":0},"end":{"line":5,"column":38}},"5":{"start":{"line":6,"column":0},"end":{"line":6,"column":29}},"6":{"start":{"line":7,"column":0},"end":{"line":7,"column":67}},"7":{"start":{"line":8,"column":0},"end":{"line":8,"column":28}},"8":{"start":{"line":9,"column":0},"end":{"line":9,"column":64}},"9":{"start":{"line":10,"column":0},"end":{"line":10,"column":53}},"10":{"start":{"line":11,"column":0},"end":{"line":11,"column":7}},"11":{"start":{"line":12,"column":0},"end":{"line":12,"column":52}},"12":{"start":{"line":13,"column":0},"end":{"line":13,"column":38}},"13":{"start":{"line":14,"column":0},"end":{"line":14,"column":7}},"14":{"start":{"line":15,"column":0},"end":{"line":15,"column":5}},"15":{"start":{"line":16,"column":0},"end":{"line":16,"column":3}},"16":{"start":{"line":17,"column":0},"end":{"line":17,"column":27}}},"s":{"0":1,"4":1,"5":1,"6":1,"7":1,"8":3,"9":3,"10":3,"11":3,"12":3,"13":3,"14":3,"15":1,"16":1},"branchMap":{"0":{"type":"branch","line":8,"loc":{"start":{"line":8,"column":13},"end":{"line":15,"column":5}},"locations":[{"start":{"line":8,"column":13},"end":{"line":15,"column":5}}]},"1":{"type":"branch","line":10,"loc":{"start":{"line":10,"column":13},"end":{"line":10,"column":53}},"locations":[{"start":{"line":10,"column":13},"end":{"line":10,"column":53}}]},"2":{"type":"branch","line":13,"loc":{"start":{"line":13,"column":13},"end":{"line":13,"column":38}},"locations":[{"start":{"line":13,"column":13},"end":{"line":13,"column":38}}]}},"b":{"0":[3],"1":[1],"2":[2]},"fnMap":{"0":{"name":"endpoints","decl":{"start":{"line":8,"column":13},"end":{"line":15,"column":5}},"loc":{"start":{"line":8,"column":13},"end":{"line":15,"column":5}},"line":8},"1":{"name":"query","decl":{"start":{"line":10,"column":13},"end":{"line":10,"column":53}},"loc":{"start":{"line":10,"column":13},"end":{"line":10,"column":53}},"line":10},"2":{"name":"query","decl":{"start":{"line":13,"column":13},"end":{"line":13,"column":38}},"loc":{"start":{"line":13,"column":13},"end":{"line":13,"column":38}},"line":13}},"f":{"0":3,"1":1,"2":2}}
,"C:\\Users\\Роман\\RS School\\class-components\\class-components\\vite-project\\src\\components\\BugComponent\\BugComponent.tsx": {"path":"C:\\Users\\Роман\\RS School\\class-components\\class-components\\vite-project\\src\\components\\BugComponent\\BugComponent.tsx","all":false,"statementMap":{"0":{"start":{"line":1,"column":0},"end":{"line":1,"column":41}},"2":{"start":{"line":3,"column":0},"end":{"line":3,"column":38}},"3":{"start":{"line":4,"column":0},"end":{"line":4,"column":19}},"4":{"start":{"line":5,"column":0},"end":{"line":5,"column":38}},"5":{"start":{"line":6,"column":0},"end":{"line":6,"column":9}},"7":{"start":{"line":8,"column":0},"end":{"line":8,"column":35}},"8":{"start":{"line":9,"column":0},"end":{"line":9,"column":2}},"10":{"start":{"line":11,"column":0},"end":{"line":11,"column":28}}},"s":{"0":1,"2":1,"3":0,"4":0,"5":0,"7":0,"8":0,"10":1},"branchMap":{},"b":{},"fnMap":{"0":{"name":"BugComponent","decl":{"start":{"line":3,"column":31},"end":{"line":9,"column":2}},"loc":{"start":{"line":3,"column":31},"end":{"line":9,"column":2}},"line":3}},"f":{"0":0}}
,"C:\\Users\\Роман\\RS School\\class-components\\class-components\\vite-project\\src\\components\\bottomSection\\bottomSection.tsx": {"path":"C:\\Users\\Роман\\RS School\\class-components\\class-components\\vite-project\\src\\components\\bottomSection\\bottomSection.tsx","all":false,"statementMap":{"0":{"start":{"line":1,"column":0},"end":{"line":1,"column":57}},"1":{"start":{"line":2,"column":0},"end":{"line":2,"column":59}},"2":{"start":{"line":3,"column":0},"end":{"line":3,"column":29}},"3":{"start":{"line":4,"column":0},"end":{"line":4,"column":55}},"5":{"start":{"line":6,"column":0},"end":{"line":6,"column":53}},"7":{"start":{"line":8,"column":0},"end":{"line":8,"column":73}},"8":{"start":{"line":9,"column":0},"end":{"line":9,"column":56}},"13":{"start":{"line":14,"column":0},"end":{"line":14,"column":28}},"15":{"start":{"line":16,"column":0},"end":{"line":16,"column":79}},"16":{"start":{"line":17,"column":0},"end":{"line":17,"column":33}},"17":{"start":{"line":18,"column":0},"end":{"line":18,"column":41}},"18":{"start":{"line":19,"column":0},"end":{"line":19,"column":68}},"19":{"start":{"line":20,"column":0},"end":{"line":20,"column":4}},"20":{"start":{"line":21,"column":0},"end":{"line":21,"column":60}},"21":{"start":{"line":22,"column":0},"end":{"line":22,"column":68}},"22":{"start":{"line":23,"column":0},"end":{"line":23,"column":48}},"23":{"start":{"line":24,"column":0},"end":{"line":24,"column":61}},"24":{"start":{"line":25,"column":0},"end":{"line":25,"column":56}},"26":{"start":{"line":27,"column":0},"end":{"line":27,"column":38}},"27":{"start":{"line":28,"column":0},"end":{"line":28,"column":45}},"28":{"start":{"line":29,"column":0},"end":{"line":29,"column":52}},"29":{"start":{"line":30,"column":0},"end":{"line":30,"column":54}},"30":{"start":{"line":31,"column":0},"end":{"line":31,"column":22}},"31":{"start":{"line":32,"column":0},"end":{"line":32,"column":49}},"32":{"start":{"line":33,"column":0},"end":{"line":33,"column":7}},"34":{"start":{"line":35,"column":0},"end":{"line":35,"column":30}},"35":{"start":{"line":36,"column":0},"end":{"line":36,"column":58}},"36":{"start":{"line":37,"column":0},"end":{"line":37,"column":7}},"37":{"start":{"line":38,"column":0},"end":{"line":38,"column":39}},"38":{"start":{"line":39,"column":0},"end":{"line":39,"column":23}},"39":{"start":{"line":40,"column":0},"end":{"line":40,"column":6}},"40":{"start":{"line":41,"column":0},"end":{"line":41,"column":41}},"41":{"start":{"line":42,"column":0},"end":{"line":42,"column":4}},"43":{"start":{"line":44,"column":0},"end":{"line":44,"column":32}},"44":{"start":{"line":45,"column":0},"end":{"line":45,"column":51}},"45":{"start":{"line":46,"column":0},"end":{"line":46,"column":4}},"47":{"start":{"line":48,"column":0},"end":{"line":48,"column":28}},"48":{"start":{"line":49,"column":0},"end":{"line":49,"column":60}},"49":{"start":{"line":50,"column":0},"end":{"line":50,"column":4}},"51":{"start":{"line":52,"column":0},"end":{"line":52,"column":49}},"52":{"start":{"line":53,"column":0},"end":{"line":53,"column":62}},"53":{"start":{"line":54,"column":0},"end":{"line":54,"column":58}},"54":{"start":{"line":55,"column":0},"end":{"line":55,"column":37}},"55":{"start":{"line":56,"column":0},"end":{"line":56,"column":4}},"57":{"start":{"line":58,"column":0},"end":{"line":58,"column":60}},"58":{"start":{"line":59,"column":0},"end":{"line":59,"column":47}},"59":{"start":{"line":60,"column":0},"end":{"line":60,"column":43}},"60":{"start":{"line":61,"column":0},"end":{"line":61,"column":57}},"61":{"start":{"line":62,"column":0},"end":{"line":62,"column":5}},"62":{"start":{"line":63,"column":0},"end":{"line":63,"column":4}},"64":{"start":{"line":65,"column":0},"end":{"line":65,"column":53}},"65":{"start":{"line":66,"column":0},"end":{"line":66,"column":45}},"66":{"start":{"line":67,"column":0},"end":{"line":67,"column":4}},"68":{"start":{"line":69,"column":0},"end":{"line":69,"column":19}},"69":{"start":{"line":70,"column":0},"end":{"line":70,"column":34}},"70":{"start":{"line":71,"column":0},"end":{"line":71,"column":57}},"72":{"start":{"line":73,"column":0},"end":{"line":73,"column":43}},"73":{"start":{"line":74,"column":0},"end":{"line":74,"column":28}},"74":{"start":{"line":75,"column":0},"end":{"line":75,"column":22}},"75":{"start":{"line":76,"column":0},"end":{"line":76,"column":4}},"77":{"start":{"line":78,"column":0},"end":{"line":78,"column":25}},"78":{"start":{"line":79,"column":0},"end":{"line":79,"column":78}},"79":{"start":{"line":80,"column":0},"end":{"line":80,"column":9}},"81":{"start":{"line":82,"column":0},"end":{"line":82,"column":10}},"82":{"start":{"line":83,"column":0},"end":{"line":83,"column":65}},"83":{"start":{"line":84,"column":0},"end":{"line":84,"column":62}},"84":{"start":{"line":85,"column":0},"end":{"line":85,"column":43}},"85":{"start":{"line":86,"column":0},"end":{"line":86,"column":43}},"86":{"start":{"line":87,"column":0},"end":{"line":87,"column":48}},"87":{"start":{"line":88,"column":0},"end":{"line":88,"column":18}},"88":{"start":{"line":89,"column":0},"end":{"line":89,"column":32}},"89":{"start":{"line":90,"column":0},"end":{"line":90,"column":40}},"90":{"start":{"line":91,"column":0},"end":{"line":91,"column":56}},"92":{"start":{"line":93,"column":0},"end":{"line":93,"column":40}},"93":{"start":{"line":94,"column":0},"end":{"line":94,"column":44}},"94":{"start":{"line":95,"column":0},"end":{"line":95,"column":23}},"95":{"start":{"line":96,"column":0},"end":{"line":96,"column":35}},"96":{"start":{"line":97,"column":0},"end":{"line":97,"column":40}},"97":{"start":{"line":98,"column":0},"end":{"line":98,"column":51}},"98":{"start":{"line":99,"column":0},"end":{"line":99,"column":20}},"100":{"start":{"line":101,"column":0},"end":{"line":101,"column":58}},"101":{"start":{"line":102,"column":0},"end":{"line":102,"column":32}},"102":{"start":{"line":103,"column":0},"end":{"line":103,"column":31}},"103":{"start":{"line":104,"column":0},"end":{"line":104,"column":25}},"104":{"start":{"line":105,"column":0},"end":{"line":105,"column":20}},"105":{"start":{"line":106,"column":0},"end":{"line":106,"column":14}},"107":{"start":{"line":108,"column":0},"end":{"line":108,"column":74}},"109":{"start":{"line":110,"column":0},"end":{"line":110,"column":14}},"111":{"start":{"line":112,"column":0},"end":{"line":112,"column":45}},"112":{"start":{"line":113,"column":0},"end":{"line":113,"column":65}},"114":{"start":{"line":115,"column":0},"end":{"line":115,"column":19}},"115":{"start":{"line":116,"column":0},"end":{"line":116,"column":16}},"116":{"start":{"line":117,"column":0},"end":{"line":117,"column":39}},"117":{"start":{"line":118,"column":0},"end":{"line":118,"column":17}},"118":{"start":{"line":119,"column":0},"end":{"line":119,"column":70}},"120":{"start":{"line":121,"column":0},"end":{"line":121,"column":19}},"121":{"start":{"line":122,"column":0},"end":{"line":122,"column":14}},"122":{"start":{"line":123,"column":0},"end":{"line":123,"column":38}},"123":{"start":{"line":124,"column":0},"end":{"line":124,"column":26}},"124":{"start":{"line":125,"column":0},"end":{"line":125,"column":14}},"125":{"start":{"line":126,"column":0},"end":{"line":126,"column":12}},"126":{"start":{"line":127,"column":0},"end":{"line":127,"column":27}},"127":{"start":{"line":128,"column":0},"end":{"line":128,"column":51}},"128":{"start":{"line":129,"column":0},"end":{"line":129,"column":22}},"129":{"start":{"line":130,"column":0},"end":{"line":130,"column":48}},"130":{"start":{"line":131,"column":0},"end":{"line":131,"column":78}},"131":{"start":{"line":132,"column":0},"end":{"line":132,"column":12}},"132":{"start":{"line":133,"column":0},"end":{"line":133,"column":14}},"134":{"start":{"line":135,"column":0},"end":{"line":135,"column":16}},"135":{"start":{"line":136,"column":0},"end":{"line":136,"column":10}},"137":{"start":{"line":138,"column":0},"end":{"line":138,"column":2}},"139":{"start":{"line":140,"column":0},"end":{"line":140,"column":29}}},"s":{"0":1,"1":1,"2":1,"3":1,"5":1,"7":1,"8":1,"13":1,"15":1,"16":19,"17":19,"18":19,"19":19,"20":19,"21":19,"22":19,"23":19,"24":19,"26":19,"27":19,"28":12,"29":12,"30":12,"31":0,"32":0,"34":12,"35":3,"36":3,"37":12,"38":12,"39":12,"40":19,"41":19,"43":19,"44":0,"45":0,"47":19,"48":1,"49":1,"51":19,"52":1,"53":1,"54":1,"55":1,"57":19,"58":2,"59":2,"60":1,"61":1,"62":2,"64":19,"65":0,"66":0,"68":19,"69":11,"70":19,"72":19,"73":19,"74":19,"75":19,"77":19,"78":19,"79":15,"81":19,"82":19,"83":19,"84":19,"85":19,"86":14,"87":47,"88":47,"89":47,"90":47,"92":47,"93":47,"94":47,"95":47,"96":0,"97":0,"98":0,"100":47,"101":0,"102":47,"103":47,"104":47,"105":14,"107":5,"109":19,"111":19,"112":19,"114":19,"115":19,"116":19,"117":19,"118":19,"120":19,"121":19,"122":19,"123":19,"124":19,"125":19,"126":19,"127":4,"128":4,"129":4,"130":4,"131":4,"132":4,"134":19,"135":19,"137":19,"139":1},"branchMap":{"0":{"type":"branch","line":16,"loc":{"start":{"line":16,"column":52},"end":{"line":138,"column":2}},"locations":[{"start":{"line":16,"column":52},"end":{"line":138,"column":2}}]},"1":{"type":"branch","line":22,"loc":{"start":{"line":22,"column":54},"end":{"line":22,"column":64}},"locations":[{"start":{"line":22,"column":54},"end":{"line":22,"column":64}}]},"2":{"type":"branch","line":79,"loc":{"start":{"line":79,"column":74},"end":{"line":80,"column":9}},"locations":[{"start":{"line":79,"column":74},"end":{"line":80,"column":9}}]},"3":{"type":"branch","line":86,"loc":{"start":{"line":86,"column":38},"end":{"line":106,"column":14}},"locations":[{"start":{"line":86,"column":38},"end":{"line":106,"column":14}}]},"4":{"type":"branch","line":106,"loc":{"start":{"line":106,"column":13},"end":{"line":108,"column":74}},"locations":[{"start":{"line":106,"column":13},"end":{"line":108,"column":74}}]},"5":{"type":"branch","line":127,"loc":{"start":{"line":127,"column":7},"end":{"line":133,"column":14}},"locations":[{"start":{"line":127,"column":7},"end":{"line":133,"column":14}}]},"6":{"type":"branch","line":19,"loc":{"start":{"line":19,"column":4},"end":{"line":19,"column":68}},"locations":[{"start":{"line":19,"column":4},"end":{"line":19,"column":68}}]},"7":{"type":"branch","line":28,"loc":{"start":{"line":28,"column":4},"end":{"line":40,"column":6}},"locations":[{"start":{"line":28,"column":4},"end":{"line":40,"column":6}}]},"8":{"type":"branch","line":31,"loc":{"start":{"line":31,"column":21},"end":{"line":33,"column":7}},"locations":[{"start":{"line":31,"column":21},"end":{"line":33,"column":7}}]},"9":{"type":"branch","line":35,"loc":{"start":{"line":35,"column":29},"end":{"line":37,"column":7}},"locations":[{"start":{"line":35,"column":29},"end":{"line":37,"column":7}}]},"10":{"type":"branch","line":48,"loc":{"start":{"line":48,"column":21},"end":{"line":50,"column":4}},"locations":[{"start":{"line":48,"column":21},"end":{"line":50,"column":4}}]},"11":{"type":"branch","line":52,"loc":{"start":{"line":52,"column":26},"end":{"line":56,"column":4}},"locations":[{"start":{"line":52,"column":26},"end":{"line":56,"column":4}}]},"12":{"type":"branch","line":58,"loc":{"start":{"line":58,"column":30},"end":{"line":63,"column":4}},"locations":[{"start":{"line":58,"column":30},"end":{"line":63,"column":4}}]},"13":{"type":"branch","line":60,"loc":{"start":{"line":60,"column":42},"end":{"line":62,"column":5}},"locations":[{"start":{"line":60,"column":42},"end":{"line":62,"column":5}}]},"14":{"type":"branch","line":69,"loc":{"start":{"line":69,"column":12},"end":{"line":71,"column":5}},"locations":[{"start":{"line":69,"column":12},"end":{"line":71,"column":5}}]},"15":{"type":"branch","line":79,"loc":{"start":{"line":79,"column":18},"end":{"line":79,"column":74}},"locations":[{"start":{"line":79,"column":18},"end":{"line":79,"column":74}}]},"16":{"type":"branch","line":87,"loc":{"start":{"line":87,"column":34},"end":{"line":105,"column":20}},"locations":[{"start":{"line":87,"column":34},"end":{"line":105,"column":20}}]},"17":{"type":"branch","line":101,"loc":{"start":{"line":101,"column":57},"end":{"line":102,"column":32}},"locations":[{"start":{"line":101,"column":57},"end":{"line":102,"column":32}}]},"18":{"type":"branch","line":91,"loc":{"start":{"line":91,"column":25},"end":{"line":91,"column":56}},"locations":[{"start":{"line":91,"column":25},"end":{"line":91,"column":56}}]}},"b":{"0":[19],"1":[2],"2":[15],"3":[14],"4":[5],"5":[4],"6":[28],"7":[12],"8":[0],"9":[3],"10":[1],"11":[1],"12":[2],"13":[1],"14":[11],"15":[54],"16":[47],"17":[0],"18":[1]},"fnMap":{"0":{"name":"BottomSection","decl":{"start":{"line":16,"column":52},"end":{"line":138,"column":2}},"loc":{"start":{"line":16,"column":52},"end":{"line":138,"column":2}},"line":16},"1":{"name":"handlePrevious","decl":{"start":{"line":44,"column":25},"end":{"line":46,"column":4}},"loc":{"start":{"line":44,"column":25},"end":{"line":46,"column":4}},"line":44},"2":{"name":"handleNext","decl":{"start":{"line":48,"column":21},"end":{"line":50,"column":4}},"loc":{"start":{"line":48,"column":21},"end":{"line":50,"column":4}},"line":48},"3":{"name":"handleCardClick","decl":{"start":{"line":52,"column":26},"end":{"line":56,"column":4}},"loc":{"start":{"line":52,"column":26},"end":{"line":56,"column":4}},"line":52},"4":{"name":"handleAllCardsClick","decl":{"start":{"line":58,"column":30},"end":{"line":63,"column":4}},"loc":{"start":{"line":58,"column":30},"end":{"line":63,"column":4}},"line":58},"5":{"name":"handleToggleSelect","decl":{"start":{"line":65,"column":29},"end":{"line":67,"column":4}},"loc":{"start":{"line":65,"column":29},"end":{"line":67,"column":4}},"line":65},"6":{"name":"onClick","decl":{"start":{"line":91,"column":25},"end":{"line":91,"column":56}},"loc":{"start":{"line":91,"column":25},"end":{"line":91,"column":56}},"line":91},"7":{"name":"onClick","decl":{"start":{"line":96,"column":27},"end":{"line":99,"column":20}},"loc":{"start":{"line":96,"column":27},"end":{"line":99,"column":20}},"line":96},"8":{"name":"onClose","decl":{"start":{"line":131,"column":21},"end":{"line":131,"column":78}},"loc":{"start":{"line":131,"column":21},"end":{"line":131,"column":78}},"line":131}},"f":{"0":19,"1":0,"2":1,"3":1,"4":2,"5":0,"6":1,"7":0,"8":0}}
,"C:\\Users\\Роман\\RS School\\class-components\\class-components\\vite-project\\src\\components\\downloadToCSV\\downloadToCSV.tsx": {"path":"C:\\Users\\Роман\\RS School\\class-components\\class-components\\vite-project\\src\\components\\downloadToCSV\\downloadToCSV.tsx","all":false,"statementMap":{"0":{"start":{"line":1,"column":0},"end":{"line":1,"column":26}},"1":{"start":{"line":2,"column":0},"end":{"line":2,"column":42}},"3":{"start":{"line":4,"column":0},"end":{"line":4,"column":50}},"8":{"start":{"line":9,"column":0},"end":{"line":9,"column":67}},"10":{"start":{"line":11,"column":0},"end":{"line":11,"column":70}},"12":{"start":{"line":13,"column":0},"end":{"line":13,"column":41}},"13":{"start":{"line":14,"column":0},"end":{"line":14,"column":3}},"14":{"start":{"line":15,"column":0},"end":{"line":15,"column":23}},"15":{"start":{"line":16,"column":0},"end":{"line":16,"column":68}},"16":{"start":{"line":17,"column":0},"end":{"line":17,"column":4}},"17":{"start":{"line":18,"column":0},"end":{"line":18,"column":35}},"18":{"start":{"line":19,"column":0},"end":{"line":19,"column":74}},"19":{"start":{"line":20,"column":0},"end":{"line":20,"column":2}},"21":{"start":{"line":22,"column":0},"end":{"line":22,"column":40}},"22":{"start":{"line":23,"column":0},"end":{"line":23,"column":50}},"24":{"start":{"line":25,"column":0},"end":{"line":25,"column":36}},"26":{"start":{"line":27,"column":0},"end":{"line":27,"column":65}},"27":{"start":{"line":28,"column":0},"end":{"line":28,"column":32}},"29":{"start":{"line":30,"column":0},"end":{"line":30,"column":27}},"30":{"start":{"line":31,"column":0},"end":{"line":31,"column":21}},"31":{"start":{"line":32,"column":0},"end":{"line":32,"column":24}},"32":{"start":{"line":33,"column":0},"end":{"line":33,"column":26}},"33":{"start":{"line":34,"column":0},"end":{"line":34,"column":15}},"34":{"start":{"line":35,"column":0},"end":{"line":35,"column":29}},"35":{"start":{"line":36,"column":0},"end":{"line":36,"column":70}},"36":{"start":{"line":37,"column":0},"end":{"line":37,"column":11}},"37":{"start":{"line":38,"column":0},"end":{"line":38,"column":21}},"38":{"start":{"line":39,"column":0},"end":{"line":39,"column":8}},"39":{"start":{"line":40,"column":0},"end":{"line":40,"column":6}},"41":{"start":{"line":42,"column":0},"end":{"line":42,"column":30}},"42":{"start":{"line":43,"column":0},"end":{"line":43,"column":4}},"44":{"start":{"line":45,"column":0},"end":{"line":45,"column":29}},"45":{"start":{"line":46,"column":0},"end":{"line":46,"column":51}},"46":{"start":{"line":47,"column":0},"end":{"line":47,"column":59}},"47":{"start":{"line":48,"column":0},"end":{"line":48,"column":42}},"49":{"start":{"line":50,"column":0},"end":{"line":50,"column":45}},"50":{"start":{"line":51,"column":0},"end":{"line":51,"column":20}},"51":{"start":{"line":52,"column":0},"end":{"line":52,"column":48}},"52":{"start":{"line":53,"column":0},"end":{"line":53,"column":17}},"54":{"start":{"line":55,"column":0},"end":{"line":55,"column":29}},"55":{"start":{"line":56,"column":0},"end":{"line":56,"column":4}},"57":{"start":{"line":58,"column":0},"end":{"line":58,"column":61}},"58":{"start":{"line":59,"column":0},"end":{"line":59,"column":2}},"60":{"start":{"line":61,"column":0},"end":{"line":61,"column":30}}},"s":{"0":1,"1":1,"3":1,"8":1,"10":1,"12":1,"13":1,"14":1,"15":1,"16":1,"17":1,"18":1,"19":1,"21":1,"22":3,"24":3,"26":3,"27":1,"29":1,"30":1,"31":1,"32":1,"33":1,"34":1,"35":4,"36":1,"37":1,"38":1,"39":1,"41":1,"42":1,"44":3,"45":1,"46":1,"47":1,"49":1,"50":1,"51":1,"52":1,"54":1,"55":1,"57":3,"58":3,"60":1},"branchMap":{"0":{"type":"branch","line":11,"loc":{"start":{"line":11,"column":27},"end":{"line":11,"column":70}},"locations":[{"start":{"line":11,"column":27},"end":{"line":11,"column":70}}]},"1":{"type":"branch","line":16,"loc":{"start":{"line":16,"column":4},"end":{"line":16,"column":68}},"locations":[{"start":{"line":16,"column":4},"end":{"line":16,"column":68}}]},"2":{"type":"branch","line":18,"loc":{"start":{"line":18,"column":2},"end":{"line":19,"column":74}},"locations":[{"start":{"line":18,"column":2},"end":{"line":19,"column":74}}]},"3":{"type":"branch","line":19,"loc":{"start":{"line":19,"column":20},"end":{"line":19,"column":72}},"locations":[{"start":{"line":19,"column":20},"end":{"line":19,"column":72}}]},"4":{"type":"branch","line":22,"loc":{"start":{"line":22,"column":33},"end":{"line":59,"column":2}},"locations":[{"start":{"line":22,"column":33},"end":{"line":59,"column":2}}]},"5":{"type":"branch","line":27,"loc":{"start":{"line":27,"column":23},"end":{"line":43,"column":4}},"locations":[{"start":{"line":27,"column":23},"end":{"line":43,"column":4}}]},"6":{"type":"branch","line":28,"loc":{"start":{"line":28,"column":22},"end":{"line":28,"column":32}},"locations":[{"start":{"line":28,"column":22},"end":{"line":28,"column":32}}]},"7":{"type":"branch","line":33,"loc":{"start":{"line":33,"column":18},"end":{"line":38,"column":21}},"locations":[{"start":{"line":33,"column":18},"end":{"line":38,"column":21}}]},"8":{"type":"branch","line":35,"loc":{"start":{"line":35,"column":15},"end":{"line":36,"column":70}},"locations":[{"start":{"line":35,"column":15},"end":{"line":36,"column":70}}]},"9":{"type":"branch","line":36,"loc":{"start":{"line":36,"column":43},"end":{"line":36,"column":68}},"locations":[{"start":{"line":36,"column":43},"end":{"line":36,"column":68}}]},"10":{"type":"branch","line":36,"loc":{"start":{"line":36,"column":57},"end":{"line":36,"column":68}},"locations":[{"start":{"line":36,"column":57},"end":{"line":36,"column":68}}]},"11":{"type":"branch","line":45,"loc":{"start":{"line":45,"column":22},"end":{"line":56,"column":4}},"locations":[{"start":{"line":45,"column":22},"end":{"line":56,"column":4}}]}},"b":{"0":[2],"1":[2],"2":[1],"3":[1],"4":[3],"5":[1],"6":[0],"7":[1],"8":[4],"9":[4],"10":[0],"11":[1]},"fnMap":{"0":{"name":"selectProductItems","decl":{"start":{"line":11,"column":27},"end":{"line":11,"column":70}},"loc":{"start":{"line":11,"column":27},"end":{"line":11,"column":70}},"line":11},"1":{"name":"DownloadButton","decl":{"start":{"line":22,"column":33},"end":{"line":59,"column":2}},"loc":{"start":{"line":22,"column":33},"end":{"line":59,"column":2}},"line":22},"2":{"name":"convertToCSV","decl":{"start":{"line":27,"column":23},"end":{"line":43,"column":4}},"loc":{"start":{"line":27,"column":23},"end":{"line":43,"column":4}},"line":27},"3":{"name":"downloadCSV","decl":{"start":{"line":45,"column":22},"end":{"line":56,"column":4}},"loc":{"start":{"line":45,"column":22},"end":{"line":56,"column":4}},"line":45}},"f":{"0":2,"1":3,"2":1,"3":1}}
,"C:\\Users\\Роман\\RS School\\class-components\\class-components\\vite-project\\src\\components\\errorBoundary\\errorBoundary.tsx": {"path":"C:\\Users\\Роман\\RS School\\class-components\\class-components\\vite-project\\src\\components\\errorBoundary\\errorBoundary.tsx","all":true,"statementMap":{"0":{"start":{"line":1,"column":0},"end":{"line":1,"column":56}},"10":{"start":{"line":11,"column":0},"end":{"line":11,"column":79}},"11":{"start":{"line":12,"column":0},"end":{"line":12,"column":42}},"12":{"start":{"line":13,"column":0},"end":{"line":13,"column":17}},"13":{"start":{"line":14,"column":0},"end":{"line":14,"column":42}},"14":{"start":{"line":15,"column":0},"end":{"line":15,"column":3}},"16":{"start":{"line":17,"column":0},"end":{"line":17,"column":63}},"17":{"start":{"line":18,"column":0},"end":{"line":18,"column":55}},"18":{"start":{"line":19,"column":0},"end":{"line":19,"column":43}},"19":{"start":{"line":20,"column":0},"end":{"line":20,"column":3}},"21":{"start":{"line":22,"column":0},"end":{"line":22,"column":29}},"22":{"start":{"line":23,"column":0},"end":{"line":23,"column":35}},"23":{"start":{"line":24,"column":0},"end":{"line":24,"column":71}},"24":{"start":{"line":25,"column":0},"end":{"line":25,"column":5}},"26":{"start":{"line":27,"column":0},"end":{"line":27,"column":31}},"27":{"start":{"line":28,"column":0},"end":{"line":28,"column":3}},"28":{"start":{"line":29,"column":0},"end":{"line":29,"column":1}},"30":{"start":{"line":31,"column":0},"end":{"line":31,"column":29}}},"s":{"0":0,"10":0,"11":0,"12":0,"13":0,"14":0,"16":0,"17":0,"18":0,"19":0,"21":0,"22":0,"23":0,"24":0,"26":0,"27":0,"28":0,"30":0},"branchMap":{"0":{"type":"branch","line":1,"loc":{"start":{"line":1,"column":0},"end":{"line":31,"column":-104}},"locations":[{"start":{"line":1,"column":0},"end":{"line":31,"column":-104}}]}},"b":{"0":[0]},"fnMap":{"0":{"name":"(empty-report)","decl":{"start":{"line":1,"column":0},"end":{"line":31,"column":-104}},"loc":{"start":{"line":1,"column":0},"end":{"line":31,"column":-104}},"line":1}},"f":{"0":0}}
,"C:\\Users\\Роман\\RS School\\class-components\\class-components\\vite-project\\src\\components\\itemDetails\\itemDetails.tsx": {"path":"C:\\Users\\Роман\\RS School\\class-components\\class-components\\vite-project\\src\\components\\itemDetails\\itemDetails.tsx","all":false,"statementMap":{"0":{"start":{"line":1,"column":0},"end":{"line":1,"column":27}},"1":{"start":{"line":2,"column":0},"end":{"line":2,"column":48}},"8":{"start":{"line":9,"column":0},"end":{"line":9,"column":47}},"10":{"start":{"line":11,"column":0},"end":{"line":11,"column":50}},"11":{"start":{"line":12,"column":0},"end":{"line":12,"column":18}},"12":{"start":{"line":13,"column":0},"end":{"line":13,"column":10}},"13":{"start":{"line":14,"column":0},"end":{"line":14,"column":7}},"14":{"start":{"line":15,"column":0},"end":{"line":15,"column":9}},"15":{"start":{"line":16,"column":0},"end":{"line":16,"column":18}},"16":{"start":{"line":17,"column":0},"end":{"line":17,"column":10}},"17":{"start":{"line":18,"column":0},"end":{"line":18,"column":14}},"18":{"start":{"line":19,"column":0},"end":{"line":19,"column":46}},"20":{"start":{"line":21,"column":0},"end":{"line":21,"column":18}},"21":{"start":{"line":22,"column":0},"end":{"line":22,"column":29}},"22":{"start":{"line":23,"column":0},"end":{"line":23,"column":3}},"24":{"start":{"line":25,"column":0},"end":{"line":25,"column":14}},"25":{"start":{"line":26,"column":0},"end":{"line":26,"column":56}},"26":{"start":{"line":27,"column":0},"end":{"line":27,"column":46}},"27":{"start":{"line":28,"column":0},"end":{"line":28,"column":3}},"29":{"start":{"line":30,"column":0},"end":{"line":30,"column":17}},"30":{"start":{"line":31,"column":0},"end":{"line":31,"column":16}},"31":{"start":{"line":32,"column":0},"end":{"line":32,"column":3}},"33":{"start":{"line":34,"column":0},"end":{"line":34,"column":10}},"34":{"start":{"line":35,"column":0},"end":{"line":35,"column":34}},"35":{"start":{"line":36,"column":0},"end":{"line":36,"column":61}},"36":{"start":{"line":37,"column":0},"end":{"line":37,"column":55}},"37":{"start":{"line":38,"column":0},"end":{"line":38,"column":12}},"38":{"start":{"line":39,"column":0},"end":{"line":39,"column":34}},"39":{"start":{"line":40,"column":0},"end":{"line":40,"column":31}},"40":{"start":{"line":41,"column":0},"end":{"line":41,"column":33}},"41":{"start":{"line":42,"column":0},"end":{"line":42,"column":29}},"42":{"start":{"line":43,"column":0},"end":{"line":43,"column":10}},"44":{"start":{"line":45,"column":0},"end":{"line":45,"column":30}},"45":{"start":{"line":46,"column":0},"end":{"line":46,"column":34}},"46":{"start":{"line":47,"column":0},"end":{"line":47,"column":35}},"47":{"start":{"line":48,"column":0},"end":{"line":48,"column":46}},"48":{"start":{"line":49,"column":0},"end":{"line":49,"column":10}},"50":{"start":{"line":51,"column":0},"end":{"line":51,"column":2}},"52":{"start":{"line":53,"column":0},"end":{"line":53,"column":27}}},"s":{"0":1,"1":1,"8":1,"10":1,"11":8,"12":8,"13":8,"14":8,"15":8,"16":8,"17":8,"18":8,"20":8,"21":7,"22":7,"24":3,"25":0,"26":0,"27":0,"29":3,"30":0,"31":0,"33":1,"34":1,"35":3,"36":8,"37":1,"38":1,"39":1,"40":1,"41":1,"42":1,"44":8,"45":8,"46":8,"47":8,"48":8,"50":8,"52":1},"branchMap":{"0":{"type":"branch","line":11,"loc":{"start":{"line":11,"column":48},"end":{"line":51,"column":2}},"locations":[{"start":{"line":11,"column":48},"end":{"line":51,"column":2}}]},"1":{"type":"branch","line":21,"loc":{"start":{"line":21,"column":17},"end":{"line":23,"column":3}},"locations":[{"start":{"line":21,"column":17},"end":{"line":23,"column":3}}]},"2":{"type":"branch","line":23,"loc":{"start":{"line":23,"column":2},"end":{"line":36,"column":61}},"locations":[{"start":{"line":23,"column":2},"end":{"line":36,"column":61}}]},"3":{"type":"branch","line":23,"loc":{"start":{"line":23,"column":2},"end":{"line":25,"column":13}},"locations":[{"start":{"line":23,"column":2},"end":{"line":25,"column":13}}]},"4":{"type":"branch","line":25,"loc":{"start":{"line":25,"column":13},"end":{"line":28,"column":3}},"locations":[{"start":{"line":25,"column":13},"end":{"line":28,"column":3}}]},"5":{"type":"branch","line":28,"loc":{"start":{"line":28,"column":2},"end":{"line":30,"column":16}},"locations":[{"start":{"line":28,"column":2},"end":{"line":30,"column":16}}]},"6":{"type":"branch","line":30,"loc":{"start":{"line":30,"column":16},"end":{"line":32,"column":3}},"locations":[{"start":{"line":30,"column":16},"end":{"line":32,"column":3}}]},"7":{"type":"branch","line":32,"loc":{"start":{"line":32,"column":2},"end":{"line":36,"column":20}},"locations":[{"start":{"line":32,"column":2},"end":{"line":36,"column":20}}]},"8":{"type":"branch","line":36,"loc":{"start":{"line":36,"column":7},"end":{"line":36,"column":61}},"locations":[{"start":{"line":36,"column":7},"end":{"line":36,"column":61}}]},"9":{"type":"branch","line":37,"loc":{"start":{"line":37,"column":15},"end":{"line":37,"column":55}},"locations":[{"start":{"line":37,"column":15},"end":{"line":37,"column":55}}]},"10":{"type":"branch","line":37,"loc":{"start":{"line":37,"column":49},"end":{"line":43,"column":10}},"locations":[{"start":{"line":37,"column":49},"end":{"line":43,"column":10}}]}},"b":{"0":[8],"1":[7],"2":[3],"3":[1],"4":[0],"5":[1],"6":[0],"7":[1],"8":[0],"9":[1],"10":[1]},"fnMap":{"0":{"name":"ItemDetails","decl":{"start":{"line":11,"column":48},"end":{"line":51,"column":2}},"loc":{"start":{"line":11,"column":48},"end":{"line":51,"column":2}},"line":11}},"f":{"0":8}}
,"C:\\Users\\Роман\\RS School\\class-components\\class-components\\vite-project\\src\\components\\popupCounter\\popupCounter.tsx": {"path":"C:\\Users\\Роман\\RS School\\class-components\\class-components\\vite-project\\src\\components\\popupCounter\\popupCounter.tsx","all":false,"statementMap":{"0":{"start":{"line":1,"column":0},"end":{"line":1,"column":26}},"1":{"start":{"line":2,"column":0},"end":{"line":2,"column":55}},"3":{"start":{"line":4,"column":0},"end":{"line":4,"column":73}},"4":{"start":{"line":5,"column":0},"end":{"line":5,"column":28}},"5":{"start":{"line":6,"column":0},"end":{"line":6,"column":60}},"7":{"start":{"line":8,"column":0},"end":{"line":8,"column":38}},"8":{"start":{"line":9,"column":0},"end":{"line":9,"column":41}},"9":{"start":{"line":10,"column":0},"end":{"line":10,"column":68}},"10":{"start":{"line":11,"column":0},"end":{"line":11,"column":4}},"11":{"start":{"line":12,"column":0},"end":{"line":12,"column":33}},"13":{"start":{"line":14,"column":0},"end":{"line":14,"column":41}},"14":{"start":{"line":15,"column":0},"end":{"line":15,"column":74}},"15":{"start":{"line":16,"column":0},"end":{"line":16,"column":4}},"17":{"start":{"line":18,"column":0},"end":{"line":18,"column":10}},"18":{"start":{"line":19,"column":0},"end":{"line":19,"column":34}},"19":{"start":{"line":20,"column":0},"end":{"line":20,"column":41}},"20":{"start":{"line":21,"column":0},"end":{"line":21,"column":38}},"21":{"start":{"line":22,"column":0},"end":{"line":22,"column":13}},"22":{"start":{"line":23,"column":0},"end":{"line":23,"column":44}},"23":{"start":{"line":24,"column":0},"end":{"line":24,"column":63}},"24":{"start":{"line":25,"column":0},"end":{"line":25,"column":14}},"25":{"start":{"line":26,"column":0},"end":{"line":26,"column":71}},"26":{"start":{"line":27,"column":0},"end":{"line":27,"column":28}},"27":{"start":{"line":28,"column":0},"end":{"line":28,"column":14}},"29":{"start":{"line":30,"column":0},"end":{"line":30,"column":10}},"31":{"start":{"line":32,"column":0},"end":{"line":32,"column":2}},"33":{"start":{"line":34,"column":0},"end":{"line":34,"column":28}}},"s":{"0":1,"1":1,"3":1,"4":1,"5":1,"7":1,"8":19,"9":19,"10":19,"11":19,"13":19,"14":0,"15":0,"17":19,"18":19,"19":19,"20":0,"21":0,"22":0,"23":0,"24":0,"25":0,"26":0,"27":0,"29":19,"31":19,"33":1},"branchMap":{"0":{"type":"branch","line":8,"loc":{"start":{"line":8,"column":31},"end":{"line":32,"column":2}},"locations":[{"start":{"line":8,"column":31},"end":{"line":32,"column":2}}]},"1":{"type":"branch","line":20,"loc":{"start":{"line":20,"column":35},"end":{"line":28,"column":14}},"locations":[{"start":{"line":20,"column":35},"end":{"line":28,"column":14}}]},"2":{"type":"branch","line":10,"loc":{"start":{"line":10,"column":4},"end":{"line":10,"column":68}},"locations":[{"start":{"line":10,"column":4},"end":{"line":10,"column":68}}]}},"b":{"0":[19],"1":[0],"2":[28]},"fnMap":{"0":{"name":"PopupCounter","decl":{"start":{"line":8,"column":31},"end":{"line":32,"column":2}},"loc":{"start":{"line":8,"column":31},"end":{"line":32,"column":2}},"line":8},"1":{"name":"handleClearAllSelection","decl":{"start":{"line":14,"column":34},"end":{"line":16,"column":4}},"loc":{"start":{"line":14,"column":34},"end":{"line":16,"column":4}},"line":14}},"f":{"0":19,"1":0}}
,"C:\\Users\\Роман\\RS School\\class-components\\class-components\\vite-project\\src\\components\\searchComponent\\searchComponent.tsx": {"path":"C:\\Users\\Роман\\RS School\\class-components\\class-components\\vite-project\\src\\components\\searchComponent\\searchComponent.tsx","all":false,"statementMap":{"0":{"start":{"line":1,"column":0},"end":{"line":1,"column":57}},"6":{"start":{"line":7,"column":0},"end":{"line":7,"column":75}},"7":{"start":{"line":8,"column":0},"end":{"line":8,"column":49}},"9":{"start":{"line":10,"column":0},"end":{"line":10,"column":69}},"10":{"start":{"line":11,"column":0},"end":{"line":11,"column":27}},"11":{"start":{"line":12,"column":0},"end":{"line":12,"column":20}},"12":{"start":{"line":13,"column":0},"end":{"line":13,"column":46}},"13":{"start":{"line":14,"column":0},"end":{"line":14,"column":4}},"15":{"start":{"line":16,"column":0},"end":{"line":16,"column":72}},"16":{"start":{"line":17,"column":0},"end":{"line":17,"column":33}},"17":{"start":{"line":18,"column":0},"end":{"line":18,"column":4}},"19":{"start":{"line":20,"column":0},"end":{"line":20,"column":10}},"20":{"start":{"line":21,"column":0},"end":{"line":21,"column":34}},"21":{"start":{"line":22,"column":0},"end":{"line":22,"column":12}},"22":{"start":{"line":23,"column":0},"end":{"line":23,"column":19}},"23":{"start":{"line":24,"column":0},"end":{"line":24,"column":21}},"24":{"start":{"line":25,"column":0},"end":{"line":25,"column":31}},"25":{"start":{"line":26,"column":0},"end":{"line":26,"column":34}},"26":{"start":{"line":27,"column":0},"end":{"line":27,"column":8}},"27":{"start":{"line":28,"column":0},"end":{"line":28,"column":43}},"28":{"start":{"line":29,"column":0},"end":{"line":29,"column":11}},"30":{"start":{"line":31,"column":0},"end":{"line":31,"column":2}},"32":{"start":{"line":33,"column":0},"end":{"line":33,"column":31}}},"s":{"0":1,"6":1,"7":2,"9":2,"10":0,"11":0,"12":0,"13":0,"15":2,"16":0,"17":0,"19":2,"20":2,"21":2,"22":2,"23":2,"24":2,"25":2,"26":2,"27":2,"28":2,"30":2,"32":1},"branchMap":{"0":{"type":"branch","line":7,"loc":{"start":{"line":7,"column":56},"end":{"line":31,"column":2}},"locations":[{"start":{"line":7,"column":56},"end":{"line":31,"column":2}}]}},"b":{"0":[2]},"fnMap":{"0":{"name":"SearchComponent","decl":{"start":{"line":7,"column":56},"end":{"line":31,"column":2}},"loc":{"start":{"line":7,"column":56},"end":{"line":31,"column":2}},"line":7},"1":{"name":"handleSubmit","decl":{"start":{"line":10,"column":23},"end":{"line":14,"column":4}},"loc":{"start":{"line":10,"column":23},"end":{"line":14,"column":4}},"line":10},"2":{"name":"handleChange","decl":{"start":{"line":16,"column":23},"end":{"line":18,"column":4}},"loc":{"start":{"line":16,"column":23},"end":{"line":18,"column":4}},"line":16}},"f":{"0":2,"1":0,"2":0}}
,"C:\\Users\\Роман\\RS School\\class-components\\class-components\\vite-project\\src\\components\\themeToggle\\themeToggle.tsx": {"path":"C:\\Users\\Роман\\RS School\\class-components\\class-components\\vite-project\\src\\components\\themeToggle\\themeToggle.tsx","all":false,"statementMap":{"0":{"start":{"line":1,"column":0},"end":{"line":1,"column":41}},"1":{"start":{"line":2,"column":0},"end":{"line":2,"column":46}},"3":{"start":{"line":4,"column":0},"end":{"line":4,"column":43}},"4":{"start":{"line":5,"column":0},"end":{"line":5,"column":50}},"6":{"start":{"line":7,"column":0},"end":{"line":7,"column":19}},"7":{"start":{"line":8,"column":0},"end":{"line":8,"column":59}},"8":{"start":{"line":9,"column":0},"end":{"line":9,"column":30}},"9":{"start":{"line":10,"column":0},"end":{"line":10,"column":47}},"10":{"start":{"line":11,"column":0},"end":{"line":11,"column":22}},"11":{"start":{"line":12,"column":0},"end":{"line":12,"column":7}},"12":{"start":{"line":13,"column":0},"end":{"line":13,"column":5}},"13":{"start":{"line":14,"column":0},"end":{"line":14,"column":9}},"15":{"start":{"line":16,"column":0},"end":{"line":16,"column":19}},"16":{"start":{"line":17,"column":0},"end":{"line":17,"column":61}},"17":{"start":{"line":18,"column":0},"end":{"line":18,"column":20}},"19":{"start":{"line":20,"column":0},"end":{"line":20,"column":10}},"20":{"start":{"line":21,"column":0},"end":{"line":21,"column":34}},"21":{"start":{"line":22,"column":0},"end":{"line":22,"column":50}},"22":{"start":{"line":23,"column":0},"end":{"line":23,"column":13}},"24":{"start":{"line":25,"column":0},"end":{"line":25,"column":2}},"26":{"start":{"line":27,"column":0},"end":{"line":27,"column":33}}},"s":{"0":1,"1":1,"3":1,"4":2,"6":2,"7":1,"8":1,"9":0,"10":0,"11":0,"12":0,"13":2,"15":2,"16":1,"17":2,"19":2,"20":2,"21":2,"22":2,"24":2,"26":1},"branchMap":{"0":{"type":"branch","line":4,"loc":{"start":{"line":4,"column":36},"end":{"line":25,"column":2}},"locations":[{"start":{"line":4,"column":36},"end":{"line":25,"column":2}}]},"1":{"type":"branch","line":22,"loc":{"start":{"line":22,"column":7},"end":{"line":22,"column":37}},"locations":[{"start":{"line":22,"column":7},"end":{"line":22,"column":37}}]},"2":{"type":"branch","line":7,"loc":{"start":{"line":7,"column":12},"end":{"line":14,"column":5}},"locations":[{"start":{"line":7,"column":12},"end":{"line":14,"column":5}}]},"3":{"type":"branch","line":9,"loc":{"start":{"line":9,"column":29},"end":{"line":13,"column":5}},"locations":[{"start":{"line":9,"column":29},"end":{"line":13,"column":5}}]},"4":{"type":"branch","line":16,"loc":{"start":{"line":16,"column":12},"end":{"line":18,"column":5}},"locations":[{"start":{"line":16,"column":12},"end":{"line":18,"column":5}}]}},"b":{"0":[2],"1":[0],"2":[1],"3":[0],"4":[1]},"fnMap":{"0":{"name":"ThemeToggleButton","decl":{"start":{"line":4,"column":36},"end":{"line":25,"column":2}},"loc":{"start":{"line":4,"column":36},"end":{"line":25,"column":2}},"line":4}},"f":{"0":2}}
,"C:\\Users\\Роман\\RS School\\class-components\\class-components\\vite-project\\src\\components\\topSection\\topSection.tsx": {"path":"C:\\Users\\Роман\\RS School\\class-components\\class-components\\vite-project\\src\\components\\topSection\\topSection.tsx","all":false,"statementMap":{"0":{"start":{"line":1,"column":0},"end":{"line":1,"column":57}},"1":{"start":{"line":2,"column":0},"end":{"line":2,"column":26}},"2":{"start":{"line":3,"column":0},"end":{"line":3,"column":65}},"3":{"start":{"line":4,"column":0},"end":{"line":4,"column":56}},"5":{"start":{"line":6,"column":0},"end":{"line":6,"column":48}},"6":{"start":{"line":7,"column":0},"end":{"line":7,"column":59}},"14":{"start":{"line":15,"column":0},"end":{"line":15,"column":47}},"16":{"start":{"line":17,"column":0},"end":{"line":17,"column":48}},"17":{"start":{"line":18,"column":0},"end":{"line":18,"column":17}},"18":{"start":{"line":19,"column":0},"end":{"line":19,"column":15}},"19":{"start":{"line":20,"column":0},"end":{"line":20,"column":7}},"20":{"start":{"line":21,"column":0},"end":{"line":21,"column":75}},"21":{"start":{"line":22,"column":0},"end":{"line":22,"column":57}},"22":{"start":{"line":23,"column":0},"end":{"line":23,"column":45}},"23":{"start":{"line":24,"column":0},"end":{"line":24,"column":4}},"24":{"start":{"line":25,"column":0},"end":{"line":25,"column":66}},"26":{"start":{"line":27,"column":0},"end":{"line":27,"column":19}},"27":{"start":{"line":28,"column":0},"end":{"line":28,"column":15}},"28":{"start":{"line":29,"column":0},"end":{"line":29,"column":36}},"29":{"start":{"line":30,"column":0},"end":{"line":30,"column":32}},"30":{"start":{"line":31,"column":0},"end":{"line":31,"column":5}},"31":{"start":{"line":32,"column":0},"end":{"line":32,"column":56}},"33":{"start":{"line":34,"column":0},"end":{"line":34,"column":55}},"34":{"start":{"line":35,"column":0},"end":{"line":35,"column":26}},"35":{"start":{"line":36,"column":0},"end":{"line":36,"column":46}},"36":{"start":{"line":37,"column":0},"end":{"line":37,"column":9}},"38":{"start":{"line":39,"column":0},"end":{"line":39,"column":46}},"39":{"start":{"line":40,"column":0},"end":{"line":40,"column":30}},"40":{"start":{"line":41,"column":0},"end":{"line":41,"column":4}},"42":{"start":{"line":43,"column":0},"end":{"line":43,"column":19}},"43":{"start":{"line":44,"column":0},"end":{"line":44,"column":64}},"44":{"start":{"line":45,"column":0},"end":{"line":45,"column":29}},"45":{"start":{"line":46,"column":0},"end":{"line":46,"column":9}},"47":{"start":{"line":48,"column":0},"end":{"line":48,"column":10}},"48":{"start":{"line":49,"column":0},"end":{"line":49,"column":59}},"49":{"start":{"line":50,"column":0},"end":{"line":50,"column":49}},"50":{"start":{"line":51,"column":0},"end":{"line":51,"column":61}},"51":{"start":{"line":52,"column":0},"end":{"line":52,"column":64}},"52":{"start":{"line":53,"column":0},"end":{"line":53,"column":44}},"53":{"start":{"line":54,"column":0},"end":{"line":54,"column":27}},"54":{"start":{"line":55,"column":0},"end":{"line":55,"column":10}},"56":{"start":{"line":57,"column":0},"end":{"line":57,"column":2}},"57":{"start":{"line":58,"column":0},"end":{"line":58,"column":26}}},"s":{"0":1,"1":1,"2":1,"3":1,"5":1,"6":1,"14":1,"16":1,"17":3,"18":3,"19":3,"20":3,"21":3,"22":3,"23":3,"24":3,"26":3,"27":1,"28":0,"29":0,"30":0,"31":3,"33":3,"34":1,"35":1,"36":3,"38":3,"39":0,"40":0,"42":3,"43":1,"44":1,"45":3,"47":3,"48":3,"49":3,"50":3,"51":3,"52":3,"53":3,"54":3,"56":3,"57":1},"branchMap":{"0":{"type":"branch","line":17,"loc":{"start":{"line":17,"column":46},"end":{"line":57,"column":2}},"locations":[{"start":{"line":17,"column":46},"end":{"line":57,"column":2}}]},"1":{"type":"branch","line":53,"loc":{"start":{"line":53,"column":7},"end":{"line":53,"column":44}},"locations":[{"start":{"line":53,"column":7},"end":{"line":53,"column":44}}]},"2":{"type":"branch","line":27,"loc":{"start":{"line":27,"column":12},"end":{"line":32,"column":5}},"locations":[{"start":{"line":27,"column":12},"end":{"line":32,"column":5}}]},"3":{"type":"branch","line":28,"loc":{"start":{"line":28,"column":14},"end":{"line":31,"column":5}},"locations":[{"start":{"line":28,"column":14},"end":{"line":31,"column":5}}]},"4":{"type":"branch","line":34,"loc":{"start":{"line":34,"column":35},"end":{"line":37,"column":5}},"locations":[{"start":{"line":34,"column":35},"end":{"line":37,"column":5}}]},"5":{"type":"branch","line":43,"loc":{"start":{"line":43,"column":12},"end":{"line":46,"column":5}},"locations":[{"start":{"line":43,"column":12},"end":{"line":46,"column":5}}]}},"b":{"0":[3],"1":[0],"2":[1],"3":[0],"4":[1],"5":[1]},"fnMap":{"0":{"name":"TopSection","decl":{"start":{"line":17,"column":46},"end":{"line":57,"column":2}},"loc":{"start":{"line":17,"column":46},"end":{"line":57,"column":2}},"line":17},"1":{"name":"handleShowBugComponent","decl":{"start":{"line":39,"column":33},"end":{"line":41,"column":4}},"loc":{"start":{"line":39,"column":33},"end":{"line":41,"column":4}},"line":39}},"f":{"0":3,"1":0}}
,"C:\\Users\\Роман\\RS School\\class-components\\class-components\\vite-project\\src\\pages\\homePage\\homePage.tsx": {"path":"C:\\Users\\Роман\\RS School\\class-components\\class-components\\vite-project\\src\\pages\\homePage\\homePage.tsx","all":false,"statementMap":{"0":{"start":{"line":1,"column":0},"end":{"line":1,"column":40}},"1":{"start":{"line":2,"column":0},"end":{"line":2,"column":43}},"2":{"start":{"line":3,"column":0},"end":{"line":3,"column":64}},"3":{"start":{"line":4,"column":0},"end":{"line":4,"column":73}},"8":{"start":{"line":9,"column":0},"end":{"line":9,"column":49}},"9":{"start":{"line":10,"column":0},"end":{"line":10,"column":58}},"10":{"start":{"line":11,"column":0},"end":{"line":11,"column":51}},"12":{"start":{"line":13,"column":0},"end":{"line":13,"column":60}},"13":{"start":{"line":14,"column":0},"end":{"line":14,"column":29}},"14":{"start":{"line":15,"column":0},"end":{"line":15,"column":4}},"16":{"start":{"line":17,"column":0},"end":{"line":17,"column":53}},"17":{"start":{"line":18,"column":0},"end":{"line":18,"column":25}},"18":{"start":{"line":19,"column":0},"end":{"line":19,"column":4}},"20":{"start":{"line":21,"column":0},"end":{"line":21,"column":10}},"21":{"start":{"line":22,"column":0},"end":{"line":22,"column":37}},"22":{"start":{"line":23,"column":0},"end":{"line":23,"column":17}},"23":{"start":{"line":24,"column":0},"end":{"line":24,"column":33}},"24":{"start":{"line":25,"column":0},"end":{"line":25,"column":39}},"25":{"start":{"line":26,"column":0},"end":{"line":26,"column":35}},"26":{"start":{"line":27,"column":0},"end":{"line":27,"column":8}},"27":{"start":{"line":28,"column":0},"end":{"line":28,"column":20}},"28":{"start":{"line":29,"column":0},"end":{"line":29,"column":36}},"29":{"start":{"line":30,"column":0},"end":{"line":30,"column":27}},"30":{"start":{"line":31,"column":0},"end":{"line":31,"column":23}},"31":{"start":{"line":32,"column":0},"end":{"line":32,"column":8}},"32":{"start":{"line":33,"column":0},"end":{"line":33,"column":10}},"34":{"start":{"line":35,"column":0},"end":{"line":35,"column":2}},"36":{"start":{"line":37,"column":0},"end":{"line":37,"column":24}}},"s":{"0":1,"1":1,"2":1,"3":1,"8":1,"9":1,"10":1,"12":1,"13":0,"14":0,"16":1,"17":0,"18":0,"20":1,"21":1,"22":1,"23":1,"24":1,"25":1,"26":1,"27":1,"28":1,"29":1,"30":1,"31":1,"32":1,"34":1,"36":1},"branchMap":{"0":{"type":"branch","line":9,"loc":{"start":{"line":9,"column":42},"end":{"line":35,"column":2}},"locations":[{"start":{"line":9,"column":42},"end":{"line":35,"column":2}}]}},"b":{"0":[1]},"fnMap":{"0":{"name":"HomePage","decl":{"start":{"line":9,"column":42},"end":{"line":35,"column":2}},"loc":{"start":{"line":9,"column":42},"end":{"line":35,"column":2}},"line":9},"1":{"name":"updateProducts","decl":{"start":{"line":13,"column":25},"end":{"line":15,"column":4}},"loc":{"start":{"line":13,"column":25},"end":{"line":15,"column":4}},"line":13},"2":{"name":"updateSearch","decl":{"start":{"line":17,"column":23},"end":{"line":19,"column":4}},"loc":{"start":{"line":17,"column":23},"end":{"line":19,"column":4}},"line":17}},"f":{"0":1,"1":0,"2":0}}
,"C:\\Users\\Роман\\RS School\\class-components\\class-components\\vite-project\\src\\pages\\notFoundPage\\notFoundPage.tsx": {"path":"C:\\Users\\Роман\\RS School\\class-components\\class-components\\vite-project\\src\\pages\\notFoundPage\\notFoundPage.tsx","all":false,"statementMap":{"0":{"start":{"line":1,"column":0},"end":{"line":1,"column":26}},"1":{"start":{"line":2,"column":0},"end":{"line":2,"column":28}},"3":{"start":{"line":4,"column":0},"end":{"line":4,"column":38}},"4":{"start":{"line":5,"column":0},"end":{"line":5,"column":10}},"5":{"start":{"line":6,"column":0},"end":{"line":6,"column":30}},"6":{"start":{"line":7,"column":0},"end":{"line":7,"column":27}},"7":{"start":{"line":8,"column":0},"end":{"line":8,"column":10}},"9":{"start":{"line":10,"column":0},"end":{"line":10,"column":2}},"11":{"start":{"line":12,"column":0},"end":{"line":12,"column":28}}},"s":{"0":1,"1":1,"3":1,"4":1,"5":1,"6":1,"7":1,"9":1,"11":1},"branchMap":{"0":{"type":"branch","line":4,"loc":{"start":{"line":4,"column":31},"end":{"line":10,"column":2}},"locations":[{"start":{"line":4,"column":31},"end":{"line":10,"column":2}}]}},"b":{"0":[1]},"fnMap":{"0":{"name":"NotFoundPage","decl":{"start":{"line":4,"column":31},"end":{"line":10,"column":2}},"loc":{"start":{"line":4,"column":31},"end":{"line":10,"column":2}},"line":4}},"f":{"0":1}}
,"C:\\Users\\Роман\\RS School\\class-components\\class-components\\vite-project\\src\\router\\router.tsx": {"path":"C:\\Users\\Роман\\RS School\\class-components\\class-components\\vite-project\\src\\router\\router.tsx","all":false,"statementMap":{"0":{"start":{"line":1,"column":0},"end":{"line":1,"column":59}},"1":{"start":{"line":2,"column":0},"end":{"line":2,"column":62}},"2":{"start":{"line":3,"column":0},"end":{"line":3,"column":50}},"4":{"start":{"line":5,"column":0},"end":{"line":5,"column":32}},"5":{"start":{"line":6,"column":0},"end":{"line":6,"column":10}},"6":{"start":{"line":7,"column":0},"end":{"line":7,"column":12}},"7":{"start":{"line":8,"column":0},"end":{"line":8,"column":69}},"8":{"start":{"line":9,"column":0},"end":{"line":9,"column":54}},"9":{"start":{"line":10,"column":0},"end":{"line":10,"column":52}},"10":{"start":{"line":11,"column":0},"end":{"line":11,"column":13}},"12":{"start":{"line":13,"column":0},"end":{"line":13,"column":2}},"14":{"start":{"line":15,"column":0},"end":{"line":15,"column":22}}},"s":{"0":1,"1":1,"2":1,"4":1,"5":3,"6":3,"7":3,"8":3,"9":3,"10":3,"12":3,"14":1},"branchMap":{"0":{"type":"branch","line":5,"loc":{"start":{"line":5,"column":25},"end":{"line":13,"column":2}},"locations":[{"start":{"line":5,"column":25},"end":{"line":13,"column":2}}]}},"b":{"0":[3]},"fnMap":{"0":{"name":"Router","decl":{"start":{"line":5,"column":25},"end":{"line":13,"column":2}},"loc":{"start":{"line":5,"column":25},"end":{"line":13,"column":2}},"line":5}},"f":{"0":3}}
,"C:\\Users\\Роман\\RS School\\class-components\\class-components\\vite-project\\src\\slices\\productSlice.ts": {"path":"C:\\Users\\Роман\\RS School\\class-components\\class-components\\vite-project\\src\\slices\\productSlice.ts","all":false,"statementMap":{"0":{"start":{"line":1,"column":0},"end":{"line":1,"column":62}},"2":{"start":{"line":3,"column":0},"end":{"line":3,"column":49}},"8":{"start":{"line":9,"column":0},"end":{"line":9,"column":37}},"9":{"start":{"line":10,"column":0},"end":{"line":10,"column":12}},"10":{"start":{"line":11,"column":0},"end":{"line":11,"column":2}},"12":{"start":{"line":13,"column":0},"end":{"line":13,"column":42}},"13":{"start":{"line":14,"column":0},"end":{"line":14,"column":19}},"14":{"start":{"line":15,"column":0},"end":{"line":15,"column":15}},"15":{"start":{"line":16,"column":0},"end":{"line":16,"column":13}},"16":{"start":{"line":17,"column":0},"end":{"line":17,"column":63}},"17":{"start":{"line":18,"column":0},"end":{"line":18,"column":43}},"18":{"start":{"line":19,"column":0},"end":{"line":19,"column":66}},"19":{"start":{"line":20,"column":0},"end":{"line":20,"column":36}},"20":{"start":{"line":21,"column":0},"end":{"line":21,"column":9}},"21":{"start":{"line":22,"column":0},"end":{"line":22,"column":9}},"22":{"start":{"line":23,"column":0},"end":{"line":23,"column":6}},"23":{"start":{"line":24,"column":0},"end":{"line":24,"column":4}},"24":{"start":{"line":25,"column":0},"end":{"line":25,"column":31}},"25":{"start":{"line":26,"column":0},"end":{"line":26,"column":23}},"26":{"start":{"line":27,"column":0},"end":{"line":27,"column":58}},"27":{"start":{"line":28,"column":0},"end":{"line":28,"column":66}},"28":{"start":{"line":29,"column":0},"end":{"line":29,"column":54}},"29":{"start":{"line":30,"column":0},"end":{"line":30,"column":68}},"30":{"start":{"line":31,"column":0},"end":{"line":31,"column":38}},"31":{"start":{"line":32,"column":0},"end":{"line":32,"column":11}},"32":{"start":{"line":33,"column":0},"end":{"line":33,"column":11}},"33":{"start":{"line":34,"column":0},"end":{"line":34,"column":8}},"34":{"start":{"line":35,"column":0},"end":{"line":35,"column":6}},"35":{"start":{"line":36,"column":0},"end":{"line":36,"column":4}},"36":{"start":{"line":37,"column":0},"end":{"line":37,"column":3}},"38":{"start":{"line":39,"column":0},"end":{"line":39,"column":53}}},"s":{"0":1,"2":1,"8":1,"9":1,"10":1,"12":1,"13":1,"14":1,"15":1,"16":1,"17":0,"18":0,"19":0,"20":0,"21":0,"22":0,"23":1,"24":1,"25":3,"26":3,"27":3,"28":0,"29":0,"30":0,"31":0,"32":0,"33":0,"34":3,"35":3,"36":1,"38":1},"branchMap":{"0":{"type":"branch","line":25,"loc":{"start":{"line":25,"column":17},"end":{"line":36,"column":4}},"locations":[{"start":{"line":25,"column":17},"end":{"line":36,"column":4}}]}},"b":{"0":[3]},"fnMap":{"0":{"name":"addProducts","decl":{"start":{"line":17,"column":17},"end":{"line":23,"column":6}},"loc":{"start":{"line":17,"column":17},"end":{"line":23,"column":6}},"line":17},"1":{"name":"extraReducers","decl":{"start":{"line":25,"column":17},"end":{"line":36,"column":4}},"loc":{"start":{"line":25,"column":17},"end":{"line":36,"column":4}},"line":25}},"f":{"0":0,"1":3}}
,"C:\\Users\\Роман\\RS School\\class-components\\class-components\\vite-project\\src\\slices\\selectedProductsSlice.ts": {"path":"C:\\Users\\Роман\\RS School\\class-components\\class-components\\vite-project\\src\\slices\\selectedProductsSlice.ts","all":false,"statementMap":{"0":{"start":{"line":1,"column":0},"end":{"line":1,"column":62}},"6":{"start":{"line":7,"column":0},"end":{"line":7,"column":45}},"7":{"start":{"line":8,"column":0},"end":{"line":8,"column":25}},"8":{"start":{"line":9,"column":0},"end":{"line":9,"column":2}},"10":{"start":{"line":11,"column":0},"end":{"line":11,"column":50}},"11":{"start":{"line":12,"column":0},"end":{"line":12,"column":27}},"12":{"start":{"line":13,"column":0},"end":{"line":13,"column":15}},"13":{"start":{"line":14,"column":0},"end":{"line":14,"column":13}},"14":{"start":{"line":15,"column":0},"end":{"line":15,"column":68}},"15":{"start":{"line":16,"column":0},"end":{"line":16,"column":69}},"16":{"start":{"line":17,"column":0},"end":{"line":17,"column":23}},"17":{"start":{"line":18,"column":0},"end":{"line":18,"column":50}},"18":{"start":{"line":19,"column":0},"end":{"line":19,"column":14}},"19":{"start":{"line":20,"column":0},"end":{"line":20,"column":54}},"20":{"start":{"line":21,"column":0},"end":{"line":21,"column":7}},"21":{"start":{"line":22,"column":0},"end":{"line":22,"column":6}},"22":{"start":{"line":23,"column":0},"end":{"line":23,"column":4}},"23":{"start":{"line":24,"column":0},"end":{"line":24,"column":3}},"25":{"start":{"line":26,"column":0},"end":{"line":26,"column":69}}},"s":{"0":1,"6":1,"7":1,"8":1,"10":1,"11":1,"12":1,"13":1,"14":1,"15":0,"16":0,"17":0,"18":0,"19":0,"20":0,"21":0,"22":1,"23":1,"25":1},"branchMap":{},"b":{},"fnMap":{"0":{"name":"toggleSelectProduct","decl":{"start":{"line":15,"column":25},"end":{"line":22,"column":6}},"loc":{"start":{"line":15,"column":25},"end":{"line":22,"column":6}},"line":15}},"f":{"0":0}}
,"C:\\Users\\Роман\\RS School\\class-components\\class-components\\vite-project\\src\\tests\\bottomSection.test.tsx": {"path":"C:\\Users\\Роман\\RS School\\class-components\\class-components\\vite-project\\src\\tests\\bottomSection.test.tsx","all":false,"statementMap":{"0":{"start":{"line":1,"column":0},"end":{"line":1,"column":76}},"1":{"start":{"line":2,"column":0},"end":{"line":2,"column":70}},"3":{"start":{"line":4,"column":0},"end":{"line":4,"column":35}},"4":{"start":{"line":5,"column":0},"end":{"line":5,"column":59}},"5":{"start":{"line":6,"column":0},"end":{"line":6,"column":71}},"6":{"start":{"line":7,"column":0},"end":{"line":7,"column":39}},"7":{"start":{"line":8,"column":0},"end":{"line":8,"column":29}},"9":{"start":{"line":10,"column":0},"end":{"line":10,"column":29}},"10":{"start":{"line":11,"column":0},"end":{"line":11,"column":3}},"11":{"start":{"line":12,"column":0},"end":{"line":12,"column":10}},"12":{"start":{"line":13,"column":0},"end":{"line":13,"column":23}},"13":{"start":{"line":14,"column":0},"end":{"line":14,"column":33}},"14":{"start":{"line":15,"column":0},"end":{"line":15,"column":17}},"15":{"start":{"line":16,"column":0},"end":{"line":16,"column":41}},"16":{"start":{"line":17,"column":0},"end":{"line":17,"column":4}},"17":{"start":{"line":18,"column":0},"end":{"line":18,"column":3}},"18":{"start":{"line":19,"column":0},"end":{"line":19,"column":10}},"19":{"start":{"line":20,"column":0},"end":{"line":20,"column":23}},"20":{"start":{"line":21,"column":0},"end":{"line":21,"column":33}},"21":{"start":{"line":22,"column":0},"end":{"line":22,"column":17}},"22":{"start":{"line":23,"column":0},"end":{"line":23,"column":27}},"23":{"start":{"line":24,"column":0},"end":{"line":24,"column":4}},"24":{"start":{"line":25,"column":0},"end":{"line":25,"column":3}},"25":{"start":{"line":26,"column":0},"end":{"line":26,"column":10}},"26":{"start":{"line":27,"column":0},"end":{"line":27,"column":23}},"27":{"start":{"line":28,"column":0},"end":{"line":28,"column":33}},"28":{"start":{"line":29,"column":0},"end":{"line":29,"column":16}},"29":{"start":{"line":30,"column":0},"end":{"line":30,"column":27}},"30":{"start":{"line":31,"column":0},"end":{"line":31,"column":4}},"31":{"start":{"line":32,"column":0},"end":{"line":32,"column":3}},"32":{"start":{"line":33,"column":0},"end":{"line":33,"column":10}},"33":{"start":{"line":34,"column":0},"end":{"line":34,"column":23}},"34":{"start":{"line":35,"column":0},"end":{"line":35,"column":33}},"35":{"start":{"line":36,"column":0},"end":{"line":36,"column":16}},"36":{"start":{"line":37,"column":0},"end":{"line":37,"column":27}},"37":{"start":{"line":38,"column":0},"end":{"line":38,"column":4}},"38":{"start":{"line":39,"column":0},"end":{"line":39,"column":3}},"39":{"start":{"line":40,"column":0},"end":{"line":40,"column":10}},"40":{"start":{"line":41,"column":0},"end":{"line":41,"column":23}},"41":{"start":{"line":42,"column":0},"end":{"line":42,"column":33}},"42":{"start":{"line":43,"column":0},"end":{"line":43,"column":16}},"43":{"start":{"line":44,"column":0},"end":{"line":44,"column":27}},"44":{"start":{"line":45,"column":0},"end":{"line":45,"column":4}},"45":{"start":{"line":46,"column":0},"end":{"line":46,"column":2}},"47":{"start":{"line":48,"column":0},"end":{"line":48,"column":35}},"49":{"start":{"line":50,"column":0},"end":{"line":50,"column":18}},"51":{"start":{"line":52,"column":0},"end":{"line":52,"column":33}},"52":{"start":{"line":53,"column":0},"end":{"line":53,"column":48}},"53":{"start":{"line":54,"column":0},"end":{"line":54,"column":11}},"54":{"start":{"line":55,"column":0},"end":{"line":55,"column":30}},"55":{"start":{"line":56,"column":0},"end":{"line":56,"column":16}},"56":{"start":{"line":57,"column":0},"end":{"line":57,"column":63}},"57":{"start":{"line":58,"column":0},"end":{"line":58,"column":17}},"58":{"start":{"line":59,"column":0},"end":{"line":59,"column":18}},"59":{"start":{"line":60,"column":0},"end":{"line":60,"column":6}},"61":{"start":{"line":62,"column":0},"end":{"line":62,"column":47}},"62":{"start":{"line":63,"column":0},"end":{"line":63,"column":66}},"63":{"start":{"line":64,"column":0},"end":{"line":64,"column":7}},"64":{"start":{"line":65,"column":0},"end":{"line":65,"column":5}},"66":{"start":{"line":67,"column":0},"end":{"line":67,"column":53}},"67":{"start":{"line":68,"column":0},"end":{"line":68,"column":11}},"68":{"start":{"line":69,"column":0},"end":{"line":69,"column":30}},"69":{"start":{"line":70,"column":0},"end":{"line":70,"column":16}},"70":{"start":{"line":71,"column":0},"end":{"line":71,"column":63}},"71":{"start":{"line":72,"column":0},"end":{"line":72,"column":17}},"72":{"start":{"line":73,"column":0},"end":{"line":73,"column":18}},"73":{"start":{"line":74,"column":0},"end":{"line":74,"column":6}},"75":{"start":{"line":76,"column":0},"end":{"line":76,"column":73}},"76":{"start":{"line":77,"column":0},"end":{"line":77,"column":49}},"77":{"start":{"line":78,"column":0},"end":{"line":78,"column":5}},"79":{"start":{"line":80,"column":0},"end":{"line":80,"column":43}},"80":{"start":{"line":81,"column":0},"end":{"line":81,"column":11}},"81":{"start":{"line":82,"column":0},"end":{"line":82,"column":30}},"82":{"start":{"line":83,"column":0},"end":{"line":83,"column":16}},"83":{"start":{"line":84,"column":0},"end":{"line":84,"column":67}},"84":{"start":{"line":85,"column":0},"end":{"line":85,"column":17}},"85":{"start":{"line":86,"column":0},"end":{"line":86,"column":18}},"86":{"start":{"line":87,"column":0},"end":{"line":87,"column":6}},"88":{"start":{"line":89,"column":0},"end":{"line":89,"column":71}},"89":{"start":{"line":90,"column":0},"end":{"line":90,"column":47}},"90":{"start":{"line":91,"column":0},"end":{"line":91,"column":62}},"91":{"start":{"line":92,"column":0},"end":{"line":92,"column":5}},"93":{"start":{"line":94,"column":0},"end":{"line":94,"column":46}},"94":{"start":{"line":95,"column":0},"end":{"line":95,"column":11}},"95":{"start":{"line":96,"column":0},"end":{"line":96,"column":30}},"96":{"start":{"line":97,"column":0},"end":{"line":97,"column":16}},"97":{"start":{"line":98,"column":0},"end":{"line":98,"column":63}},"98":{"start":{"line":99,"column":0},"end":{"line":99,"column":17}},"99":{"start":{"line":100,"column":0},"end":{"line":100,"column":18}},"100":{"start":{"line":101,"column":0},"end":{"line":101,"column":6}},"102":{"start":{"line":103,"column":0},"end":{"line":103,"column":37}},"103":{"start":{"line":104,"column":0},"end":{"line":104,"column":61}},"105":{"start":{"line":106,"column":0},"end":{"line":106,"column":44}},"107":{"start":{"line":108,"column":0},"end":{"line":108,"column":61}},"109":{"start":{"line":110,"column":0},"end":{"line":110,"column":44}},"111":{"start":{"line":112,"column":0},"end":{"line":112,"column":34}},"113":{"start":{"line":114,"column":0},"end":{"line":114,"column":73}},"114":{"start":{"line":115,"column":0},"end":{"line":115,"column":5}},"116":{"start":{"line":117,"column":0},"end":{"line":117,"column":38}},"117":{"start":{"line":118,"column":0},"end":{"line":118,"column":11}},"118":{"start":{"line":119,"column":0},"end":{"line":119,"column":30}},"119":{"start":{"line":120,"column":0},"end":{"line":120,"column":16}},"120":{"start":{"line":121,"column":0},"end":{"line":121,"column":63}},"121":{"start":{"line":122,"column":0},"end":{"line":122,"column":17}},"122":{"start":{"line":123,"column":0},"end":{"line":123,"column":18}},"123":{"start":{"line":124,"column":0},"end":{"line":124,"column":6}},"125":{"start":{"line":126,"column":0},"end":{"line":126,"column":48}},"126":{"start":{"line":127,"column":0},"end":{"line":127,"column":42}},"128":{"start":{"line":129,"column":0},"end":{"line":129,"column":32}},"130":{"start":{"line":131,"column":0},"end":{"line":131,"column":25}},"131":{"start":{"line":132,"column":0},"end":{"line":132,"column":64}},"132":{"start":{"line":133,"column":0},"end":{"line":133,"column":7}},"133":{"start":{"line":134,"column":0},"end":{"line":134,"column":5}},"134":{"start":{"line":135,"column":0},"end":{"line":135,"column":3}}},"s":{"0":1,"1":1,"3":1,"4":1,"5":1,"6":1,"7":1,"9":1,"10":1,"11":1,"12":1,"13":1,"14":1,"15":1,"16":1,"17":1,"18":1,"19":1,"20":1,"21":1,"22":1,"23":1,"24":1,"25":1,"26":1,"27":1,"28":1,"29":1,"30":1,"31":1,"32":1,"33":1,"34":1,"35":1,"36":1,"37":1,"38":1,"39":1,"40":1,"41":1,"42":1,"43":1,"44":1,"45":1,"47":1,"49":1,"51":1,"52":1,"53":1,"54":1,"55":1,"56":1,"57":1,"58":1,"59":1,"61":1,"62":4,"63":1,"64":1,"66":1,"67":1,"68":1,"69":1,"70":1,"71":1,"72":1,"73":1,"75":1,"76":1,"77":1,"79":1,"80":1,"81":1,"82":1,"83":1,"84":1,"85":1,"86":1,"88":1,"89":1,"90":1,"91":1,"93":1,"94":1,"95":1,"96":1,"97":1,"98":1,"99":1,"100":1,"102":1,"103":1,"105":1,"107":1,"109":1,"111":1,"113":1,"114":1,"116":1,"117":1,"118":1,"119":1,"120":1,"121":1,"122":1,"123":1,"125":1,"126":1,"128":1,"130":1,"131":1,"132":1,"133":1,"134":1},"branchMap":{"0":{"type":"branch","line":52,"loc":{"start":{"line":52,"column":26},"end":{"line":135,"column":3}},"locations":[{"start":{"line":52,"column":26},"end":{"line":135,"column":3}}]},"1":{"type":"branch","line":53,"loc":{"start":{"line":53,"column":41},"end":{"line":65,"column":3}},"locations":[{"start":{"line":53,"column":41},"end":{"line":65,"column":3}}]},"2":{"type":"branch","line":62,"loc":{"start":{"line":62,"column":33},"end":{"line":64,"column":5}},"locations":[{"start":{"line":62,"column":33},"end":{"line":64,"column":5}}]},"3":{"type":"branch","line":67,"loc":{"start":{"line":67,"column":46},"end":{"line":78,"column":3}},"locations":[{"start":{"line":67,"column":46},"end":{"line":78,"column":3}}]},"4":{"type":"branch","line":80,"loc":{"start":{"line":80,"column":36},"end":{"line":92,"column":3}},"locations":[{"start":{"line":80,"column":36},"end":{"line":92,"column":3}}]},"5":{"type":"branch","line":94,"loc":{"start":{"line":94,"column":39},"end":{"line":115,"column":3}},"locations":[{"start":{"line":94,"column":39},"end":{"line":115,"column":3}}]},"6":{"type":"branch","line":117,"loc":{"start":{"line":117,"column":25},"end":{"line":134,"column":3}},"locations":[{"start":{"line":117,"column":25},"end":{"line":134,"column":3}}]},"7":{"type":"branch","line":131,"loc":{"start":{"line":131,"column":18},"end":{"line":133,"column":5}},"locations":[{"start":{"line":131,"column":18},"end":{"line":133,"column":5}}]}},"b":{"0":[1],"1":[1],"2":[4],"3":[1],"4":[1],"5":[1],"6":[1],"7":[1]},"fnMap":{},"f":{}}
,"C:\\Users\\Роман\\RS School\\class-components\\class-components\\vite-project\\src\\tests\\downloadToCSV.test.tsx": {"path":"C:\\Users\\Роман\\RS School\\class-components\\class-components\\vite-project\\src\\tests\\downloadToCSV.test.tsx","all":false,"statementMap":{"0":{"start":{"line":1,"column":0},"end":{"line":1,"column":67}},"1":{"start":{"line":2,"column":0},"end":{"line":2,"column":35}},"2":{"start":{"line":3,"column":0},"end":{"line":3,"column":73}},"3":{"start":{"line":4,"column":0},"end":{"line":4,"column":39}},"4":{"start":{"line":5,"column":0},"end":{"line":5,"column":71}},"6":{"start":{"line":7,"column":0},"end":{"line":7,"column":28}},"8":{"start":{"line":9,"column":0},"end":{"line":9,"column":52}},"10":{"start":{"line":11,"column":0},"end":{"line":11,"column":33}},"11":{"start":{"line":12,"column":0},"end":{"line":12,"column":13}},"12":{"start":{"line":13,"column":0},"end":{"line":13,"column":80}},"13":{"start":{"line":14,"column":0},"end":{"line":14,"column":4}},"14":{"start":{"line":15,"column":0},"end":{"line":15,"column":48}},"15":{"start":{"line":16,"column":0},"end":{"line":16,"column":2}},"17":{"start":{"line":18,"column":0},"end":{"line":18,"column":34}},"18":{"start":{"line":19,"column":0},"end":{"line":19,"column":42}},"20":{"start":{"line":21,"column":0},"end":{"line":21,"column":20}},"21":{"start":{"line":22,"column":0},"end":{"line":22,"column":36}},"22":{"start":{"line":23,"column":0},"end":{"line":23,"column":5}},"24":{"start":{"line":25,"column":0},"end":{"line":25,"column":37}},"25":{"start":{"line":26,"column":0},"end":{"line":26,"column":11}},"26":{"start":{"line":27,"column":0},"end":{"line":27,"column":30}},"27":{"start":{"line":28,"column":0},"end":{"line":28,"column":26}},"28":{"start":{"line":29,"column":0},"end":{"line":29,"column":18}},"29":{"start":{"line":30,"column":0},"end":{"line":30,"column":6}},"30":{"start":{"line":31,"column":0},"end":{"line":31,"column":65}},"31":{"start":{"line":32,"column":0},"end":{"line":32,"column":5}},"33":{"start":{"line":34,"column":0},"end":{"line":34,"column":46}},"34":{"start":{"line":35,"column":0},"end":{"line":35,"column":11}},"35":{"start":{"line":36,"column":0},"end":{"line":36,"column":30}},"36":{"start":{"line":37,"column":0},"end":{"line":37,"column":26}},"37":{"start":{"line":38,"column":0},"end":{"line":38,"column":18}},"38":{"start":{"line":39,"column":0},"end":{"line":39,"column":6}},"40":{"start":{"line":41,"column":0},"end":{"line":41,"column":68}},"41":{"start":{"line":42,"column":0},"end":{"line":42,"column":76}},"42":{"start":{"line":43,"column":0},"end":{"line":43,"column":6}},"44":{"start":{"line":45,"column":0},"end":{"line":45,"column":36}},"45":{"start":{"line":46,"column":0},"end":{"line":46,"column":48}},"46":{"start":{"line":47,"column":0},"end":{"line":47,"column":5}},"48":{"start":{"line":49,"column":0},"end":{"line":49,"column":54}},"49":{"start":{"line":50,"column":0},"end":{"line":50,"column":58}},"50":{"start":{"line":51,"column":0},"end":{"line":51,"column":40}},"52":{"start":{"line":53,"column":0},"end":{"line":53,"column":53}},"53":{"start":{"line":54,"column":0},"end":{"line":54,"column":53}},"55":{"start":{"line":56,"column":0},"end":{"line":56,"column":11}},"56":{"start":{"line":57,"column":0},"end":{"line":57,"column":30}},"57":{"start":{"line":58,"column":0},"end":{"line":58,"column":26}},"58":{"start":{"line":59,"column":0},"end":{"line":59,"column":18}},"59":{"start":{"line":60,"column":0},"end":{"line":60,"column":6}},"61":{"start":{"line":62,"column":0},"end":{"line":62,"column":52}},"62":{"start":{"line":63,"column":0},"end":{"line":63,"column":28}},"64":{"start":{"line":65,"column":0},"end":{"line":65,"column":57}},"66":{"start":{"line":67,"column":0},"end":{"line":67,"column":23}},"67":{"start":{"line":68,"column":0},"end":{"line":68,"column":75}},"68":{"start":{"line":69,"column":0},"end":{"line":69,"column":63}},"70":{"start":{"line":71,"column":0},"end":{"line":71,"column":59}},"72":{"start":{"line":73,"column":0},"end":{"line":73,"column":45}},"73":{"start":{"line":74,"column":0},"end":{"line":74,"column":29}},"74":{"start":{"line":75,"column":0},"end":{"line":75,"column":37}},"76":{"start":{"line":77,"column":0},"end":{"line":77,"column":46}},"77":{"start":{"line":78,"column":0},"end":{"line":78,"column":49}},"79":{"start":{"line":80,"column":0},"end":{"line":80,"column":38}},"80":{"start":{"line":81,"column":0},"end":{"line":81,"column":67}},"81":{"start":{"line":82,"column":0},"end":{"line":82,"column":5}},"82":{"start":{"line":83,"column":0},"end":{"line":83,"column":3}}},"s":{"0":1,"1":1,"2":1,"3":1,"4":1,"6":1,"8":1,"10":1,"11":1,"12":1,"13":1,"14":1,"15":1,"17":1,"18":1,"20":1,"21":3,"22":1,"24":1,"25":1,"26":1,"27":1,"28":1,"29":1,"30":1,"31":1,"33":1,"34":1,"35":1,"36":1,"37":1,"38":1,"40":1,"41":1,"42":1,"44":1,"45":1,"46":1,"48":1,"49":1,"50":1,"52":1,"53":1,"55":1,"56":1,"57":1,"58":1,"59":1,"61":1,"62":1,"64":1,"66":1,"67":1,"68":1,"70":1,"72":1,"73":1,"74":1,"76":1,"77":1,"79":1,"80":1,"81":1,"82":1},"branchMap":{"0":{"type":"branch","line":18,"loc":{"start":{"line":18,"column":27},"end":{"line":83,"column":3}},"locations":[{"start":{"line":18,"column":27},"end":{"line":83,"column":3}}]},"1":{"type":"branch","line":21,"loc":{"start":{"line":21,"column":13},"end":{"line":23,"column":3}},"locations":[{"start":{"line":21,"column":13},"end":{"line":23,"column":3}}]},"2":{"type":"branch","line":25,"loc":{"start":{"line":25,"column":30},"end":{"line":32,"column":3}},"locations":[{"start":{"line":25,"column":30},"end":{"line":32,"column":3}}]},"3":{"type":"branch","line":34,"loc":{"start":{"line":34,"column":39},"end":{"line":47,"column":3}},"locations":[{"start":{"line":34,"column":39},"end":{"line":47,"column":3}}]},"4":{"type":"branch","line":41,"loc":{"start":{"line":41,"column":56},"end":{"line":42,"column":76}},"locations":[{"start":{"line":41,"column":56},"end":{"line":42,"column":76}}]},"5":{"type":"branch","line":49,"loc":{"start":{"line":49,"column":47},"end":{"line":82,"column":3}},"locations":[{"start":{"line":49,"column":47},"end":{"line":82,"column":3}}]},"6":{"type":"branch","line":50,"loc":{"start":{"line":50,"column":38},"end":{"line":50,"column":56}},"locations":[{"start":{"line":50,"column":38},"end":{"line":50,"column":56}}]}},"b":{"0":[1],"1":[3],"2":[1],"3":[1],"4":[1],"5":[1],"6":[1]},"fnMap":{},"f":{}}
,"C:\\Users\\Роман\\RS School\\class-components\\class-components\\vite-project\\src\\tests\\homePage.test.tsx": {"path":"C:\\Users\\Роман\\RS School\\class-components\\class-components\\vite-project\\src\\tests\\homePage.test.tsx","all":false,"statementMap":{"0":{"start":{"line":1,"column":0},"end":{"line":1,"column":56}},"1":{"start":{"line":2,"column":0},"end":{"line":2,"column":59}},"2":{"start":{"line":3,"column":0},"end":{"line":3,"column":35}},"3":{"start":{"line":4,"column":0},"end":{"line":4,"column":50}},"4":{"start":{"line":5,"column":0},"end":{"line":5,"column":39}},"5":{"start":{"line":6,"column":0},"end":{"line":6,"column":29}},"6":{"start":{"line":7,"column":0},"end":{"line":7,"column":48}},"8":{"start":{"line":9,"column":0},"end":{"line":9,"column":28}},"9":{"start":{"line":10,"column":0},"end":{"line":10,"column":58}},"10":{"start":{"line":11,"column":0},"end":{"line":11,"column":11}},"11":{"start":{"line":12,"column":0},"end":{"line":12,"column":30}},"12":{"start":{"line":13,"column":0},"end":{"line":13,"column":23}},"13":{"start":{"line":14,"column":0},"end":{"line":14,"column":18}},"14":{"start":{"line":15,"column":0},"end":{"line":15,"column":24}},"15":{"start":{"line":16,"column":0},"end":{"line":16,"column":19}},"16":{"start":{"line":17,"column":0},"end":{"line":17,"column":24}},"17":{"start":{"line":18,"column":0},"end":{"line":18,"column":18}},"18":{"start":{"line":19,"column":0},"end":{"line":19,"column":6}},"20":{"start":{"line":21,"column":0},"end":{"line":21,"column":57}},"21":{"start":{"line":22,"column":0},"end":{"line":22,"column":43}},"23":{"start":{"line":24,"column":0},"end":{"line":24,"column":63}},"24":{"start":{"line":25,"column":0},"end":{"line":25,"column":46}},"25":{"start":{"line":26,"column":0},"end":{"line":26,"column":5}},"26":{"start":{"line":27,"column":0},"end":{"line":27,"column":3}}},"s":{"0":1,"1":1,"2":1,"3":1,"4":1,"5":1,"6":1,"8":1,"9":1,"10":1,"11":1,"12":1,"13":1,"14":1,"15":1,"16":1,"17":1,"18":1,"20":1,"21":1,"23":1,"24":1,"25":1,"26":1},"branchMap":{"0":{"type":"branch","line":9,"loc":{"start":{"line":9,"column":21},"end":{"line":27,"column":3}},"locations":[{"start":{"line":9,"column":21},"end":{"line":27,"column":3}}]},"1":{"type":"branch","line":10,"loc":{"start":{"line":10,"column":51},"end":{"line":26,"column":3}},"locations":[{"start":{"line":10,"column":51},"end":{"line":26,"column":3}}]}},"b":{"0":[1],"1":[1]},"fnMap":{},"f":{}}
,"C:\\Users\\Роман\\RS School\\class-components\\class-components\\vite-project\\src\\tests\\itemDetails.test.tsx": {"path":"C:\\Users\\Роман\\RS School\\class-components\\class-components\\vite-project\\src\\tests\\itemDetails.test.tsx","all":false,"statementMap":{"0":{"start":{"line":1,"column":0},"end":{"line":1,"column":76}},"1":{"start":{"line":2,"column":0},"end":{"line":2,"column":35}},"2":{"start":{"line":3,"column":0},"end":{"line":3,"column":64}},"3":{"start":{"line":4,"column":0},"end":{"line":4,"column":39}},"4":{"start":{"line":5,"column":0},"end":{"line":5,"column":29}},"6":{"start":{"line":7,"column":0},"end":{"line":7,"column":31}},"7":{"start":{"line":8,"column":0},"end":{"line":8,"column":62}},"8":{"start":{"line":9,"column":0},"end":{"line":9,"column":30}},"10":{"start":{"line":11,"column":0},"end":{"line":11,"column":11}},"11":{"start":{"line":12,"column":0},"end":{"line":12,"column":30}},"12":{"start":{"line":13,"column":0},"end":{"line":13,"column":76}},"13":{"start":{"line":14,"column":0},"end":{"line":14,"column":18}},"14":{"start":{"line":15,"column":0},"end":{"line":15,"column":6}},"16":{"start":{"line":17,"column":0},"end":{"line":17,"column":25}},"17":{"start":{"line":18,"column":0},"end":{"line":18,"column":66}},"18":{"start":{"line":19,"column":0},"end":{"line":19,"column":7}},"20":{"start":{"line":21,"column":0},"end":{"line":21,"column":69}},"21":{"start":{"line":22,"column":0},"end":{"line":22,"column":49}},"23":{"start":{"line":24,"column":0},"end":{"line":24,"column":50}},"24":{"start":{"line":25,"column":0},"end":{"line":25,"column":33}},"26":{"start":{"line":27,"column":0},"end":{"line":27,"column":25}},"27":{"start":{"line":28,"column":0},"end":{"line":28,"column":69}},"28":{"start":{"line":29,"column":0},"end":{"line":29,"column":54}},"29":{"start":{"line":30,"column":0},"end":{"line":30,"column":7}},"30":{"start":{"line":31,"column":0},"end":{"line":31,"column":5}},"31":{"start":{"line":32,"column":0},"end":{"line":32,"column":3}}},"s":{"0":1,"1":1,"2":1,"3":1,"4":1,"6":1,"7":1,"8":1,"10":1,"11":1,"12":1,"13":1,"14":1,"16":1,"17":1,"18":1,"20":1,"21":1,"23":1,"24":1,"26":1,"27":1,"28":1,"29":1,"30":1,"31":1},"branchMap":{"0":{"type":"branch","line":7,"loc":{"start":{"line":7,"column":24},"end":{"line":32,"column":3}},"locations":[{"start":{"line":7,"column":24},"end":{"line":32,"column":3}}]},"1":{"type":"branch","line":8,"loc":{"start":{"line":8,"column":49},"end":{"line":31,"column":3}},"locations":[{"start":{"line":8,"column":49},"end":{"line":31,"column":3}}]},"2":{"type":"branch","line":13,"loc":{"start":{"line":13,"column":64},"end":{"line":13,"column":74}},"locations":[{"start":{"line":13,"column":64},"end":{"line":13,"column":74}}]},"3":{"type":"branch","line":17,"loc":{"start":{"line":17,"column":18},"end":{"line":19,"column":5}},"locations":[{"start":{"line":17,"column":18},"end":{"line":19,"column":5}}]},"4":{"type":"branch","line":27,"loc":{"start":{"line":27,"column":18},"end":{"line":30,"column":5}},"locations":[{"start":{"line":27,"column":18},"end":{"line":30,"column":5}}]}},"b":{"0":[1],"1":[1],"2":[1],"3":[1],"4":[1]},"fnMap":{"0":{"name":"onClose","decl":{"start":{"line":13,"column":64},"end":{"line":13,"column":74}},"loc":{"start":{"line":13,"column":64},"end":{"line":13,"column":74}},"line":13}},"f":{"0":1}}
,"C:\\Users\\Роман\\RS School\\class-components\\class-components\\vite-project\\src\\tests\\notFoundPage.test.tsx": {"path":"C:\\Users\\Роман\\RS School\\class-components\\class-components\\vite-project\\src\\tests\\notFoundPage.test.tsx","all":false,"statementMap":{"0":{"start":{"line":1,"column":0},"end":{"line":1,"column":56}},"1":{"start":{"line":2,"column":0},"end":{"line":2,"column":74}},"2":{"start":{"line":3,"column":0},"end":{"line":3,"column":62}},"3":{"start":{"line":4,"column":0},"end":{"line":4,"column":35}},"5":{"start":{"line":6,"column":0},"end":{"line":6,"column":32}},"6":{"start":{"line":7,"column":0},"end":{"line":7,"column":70}},"7":{"start":{"line":8,"column":0},"end":{"line":8,"column":11}},"8":{"start":{"line":9,"column":0},"end":{"line":9,"column":14}},"9":{"start":{"line":10,"column":0},"end":{"line":10,"column":16}},"10":{"start":{"line":11,"column":0},"end":{"line":11,"column":55}},"11":{"start":{"line":12,"column":0},"end":{"line":12,"column":17}},"12":{"start":{"line":13,"column":0},"end":{"line":13,"column":16}},"13":{"start":{"line":14,"column":0},"end":{"line":14,"column":6}},"15":{"start":{"line":16,"column":0},"end":{"line":16,"column":69}},"16":{"start":{"line":17,"column":0},"end":{"line":17,"column":52}},"17":{"start":{"line":18,"column":0},"end":{"line":18,"column":5}},"18":{"start":{"line":19,"column":0},"end":{"line":19,"column":3}}},"s":{"0":1,"1":1,"2":1,"3":1,"5":1,"6":1,"7":1,"8":1,"9":1,"10":1,"11":1,"12":1,"13":1,"15":1,"16":1,"17":1,"18":1},"branchMap":{"0":{"type":"branch","line":6,"loc":{"start":{"line":6,"column":25},"end":{"line":19,"column":3}},"locations":[{"start":{"line":6,"column":25},"end":{"line":19,"column":3}}]},"1":{"type":"branch","line":7,"loc":{"start":{"line":7,"column":57},"end":{"line":18,"column":3}},"locations":[{"start":{"line":7,"column":57},"end":{"line":18,"column":3}}]}},"b":{"0":[1],"1":[1]},"fnMap":{},"f":{}}
,"C:\\Users\\Роман\\RS School\\class-components\\class-components\\vite-project\\src\\tests\\router.test.tsx": {"path":"C:\\Users\\Роман\\RS School\\class-components\\class-components\\vite-project\\src\\tests\\router.test.tsx","all":false,"statementMap":{"0":{"start":{"line":1,"column":0},"end":{"line":1,"column":56}},"1":{"start":{"line":2,"column":0},"end":{"line":2,"column":48}},"2":{"start":{"line":3,"column":0},"end":{"line":3,"column":50}},"3":{"start":{"line":4,"column":0},"end":{"line":4,"column":38}},"7":{"start":{"line":8,"column":0},"end":{"line":8,"column":43}},"15":{"start":{"line":16,"column":0},"end":{"line":16,"column":26}},"16":{"start":{"line":17,"column":0},"end":{"line":17,"column":66}},"17":{"start":{"line":18,"column":0},"end":{"line":18,"column":11}},"18":{"start":{"line":19,"column":0},"end":{"line":19,"column":50}},"19":{"start":{"line":20,"column":0},"end":{"line":20,"column":18}},"20":{"start":{"line":21,"column":0},"end":{"line":21,"column":22}},"21":{"start":{"line":22,"column":0},"end":{"line":22,"column":6}},"22":{"start":{"line":23,"column":0},"end":{"line":23,"column":62}},"23":{"start":{"line":24,"column":0},"end":{"line":24,"column":5}},"25":{"start":{"line":26,"column":0},"end":{"line":26,"column":55}},"26":{"start":{"line":27,"column":0},"end":{"line":27,"column":11}},"27":{"start":{"line":28,"column":0},"end":{"line":28,"column":43}},"28":{"start":{"line":29,"column":0},"end":{"line":29,"column":18}},"29":{"start":{"line":30,"column":0},"end":{"line":30,"column":22}},"30":{"start":{"line":31,"column":0},"end":{"line":31,"column":6}},"31":{"start":{"line":32,"column":0},"end":{"line":32,"column":62}},"32":{"start":{"line":33,"column":0},"end":{"line":33,"column":5}},"34":{"start":{"line":35,"column":0},"end":{"line":35,"column":60}},"35":{"start":{"line":36,"column":0},"end":{"line":36,"column":11}},"36":{"start":{"line":37,"column":0},"end":{"line":37,"column":50}},"37":{"start":{"line":38,"column":0},"end":{"line":38,"column":18}},"38":{"start":{"line":39,"column":0},"end":{"line":39,"column":22}},"39":{"start":{"line":40,"column":0},"end":{"line":40,"column":6}},"40":{"start":{"line":41,"column":0},"end":{"line":41,"column":67}},"41":{"start":{"line":42,"column":0},"end":{"line":42,"column":5}},"42":{"start":{"line":43,"column":0},"end":{"line":43,"column":3}}},"s":{"0":1,"1":1,"2":1,"3":1,"7":1,"15":1,"16":1,"17":1,"18":1,"19":1,"20":1,"21":1,"22":1,"23":1,"25":1,"26":1,"27":1,"28":1,"29":1,"30":1,"31":1,"32":1,"34":1,"35":1,"36":1,"37":1,"38":1,"39":1,"40":1,"41":1,"42":1},"branchMap":{"0":{"type":"branch","line":16,"loc":{"start":{"line":16,"column":19},"end":{"line":43,"column":3}},"locations":[{"start":{"line":16,"column":19},"end":{"line":43,"column":3}}]},"1":{"type":"branch","line":17,"loc":{"start":{"line":17,"column":59},"end":{"line":24,"column":3}},"locations":[{"start":{"line":17,"column":59},"end":{"line":24,"column":3}}]},"2":{"type":"branch","line":26,"loc":{"start":{"line":26,"column":48},"end":{"line":33,"column":3}},"locations":[{"start":{"line":26,"column":48},"end":{"line":33,"column":3}}]},"3":{"type":"branch","line":35,"loc":{"start":{"line":35,"column":53},"end":{"line":42,"column":3}},"locations":[{"start":{"line":35,"column":53},"end":{"line":42,"column":3}}]}},"b":{"0":[1],"1":[1],"2":[1],"3":[1]},"fnMap":{},"f":{}}
}
